[    3269ms] [INFO] %cDownload the React DevTools for a better development experience: https://react.dev/link/react-devtools font-weight:bold @ http://localhost:3000/_next/static/chunks/node_modules_next_dist_7a8122d0._.js:2287
[    3323ms] [WARNING] %c%s%c  [33m[1m⚠[22m[39m Unsupported metadata viewport is configured in metadata export in /. Please move it to viewport export instead.
Read more: https://nextjs.org/docs/app/api-reference/functions/generate-viewport background: #e6e6e6;background: light-dark(rgba(0,0,0,0.1), rgba(255,255,255,0.25));color: #000000;color: light-dark(#000000, #ffffff);border-radius: 2px  Server   @ http://localhost:3000/_next/static/chunks/node_modules_next_dist_7a8122d0._.js:2287
[    3478ms] [LOG] Initializing celestial bodies... @ http://localhost:3000/_next/static/chunks/node_modules_next_dist_7a8122d0._.js:2287
[    3480ms] [LOG] getCelestialBodies: Loaded 21 bodies for JD 2461142.117459294 @ http://localhost:3000/_next/static/chunks/node_modules_next_dist_7a8122d0._.js:2287
[    3481ms] [LOG] Loaded 21 celestial bodies @ http://localhost:3000/_next/static/chunks/node_modules_next_dist_7a8122d0._.js:2287
[    3537ms] [LOG] [SatelliteStore] 从本地存储恢复状态 @ http://localhost:3000/_next/static/chunks/node_modules_next_dist_7a8122d0._.js:2287
[    3537ms] [LOG] [SatelliteStore] 筛选后可见卫星: 0 / 0 @ http://localhost:3000/_next/static/chunks/node_modules_next_dist_7a8122d0._.js:2287
[    3589ms] [LOG] Initializing scene with 21 celestial bodies @ http://localhost:3000/_next/static/chunks/node_modules_next_dist_7a8122d0._.js:2287
[    3614ms] [LOG] [GaiaStars] 开始加载数据... @ http://localhost:3000/_next/static/chunks/node_modules_next_dist_7a8122d0._.js:2287
[    3630ms] [LOG] SatelliteLayer initialized @ http://localhost:3000/_next/static/chunks/node_modules_next_dist_7a8122d0._.js:2287
[    3633ms] [LOG] [SolarSystemCanvas3D] OrbitControls initialized and enabled: true @ http://localhost:3000/_next/static/chunks/node_modules_next_dist_7a8122d0._.js:2287
[    3693ms] [LOG] [EarthPlanet] setCesiumEnabled called with: false @ http://localhost:3000/_next/static/chunks/node_modules_next_dist_7a8122d0._.js:2287
[    3694ms] [LOG] [EarthPlanet] Disabling Cesium canvas overlay @ http://localhost:3000/_next/static/chunks/node_modules_next_dist_7a8122d0._.js:2287
[    3694ms] [LOG] [EarthPlanet] Cesium disabled, planet mesh restored @ http://localhost:3000/_next/static/chunks/node_modules_next_dist_7a8122d0._.js:2287
[    3721ms] [LOG] [SolarSystemCanvas3D] Setting Cesium enabled: false @ http://localhost:3000/_next/static/chunks/node_modules_next_dist_7a8122d0._.js:2287
[    3721ms] [LOG] [EarthPlanet] setCesiumEnabled called with: false @ http://localhost:3000/_next/static/chunks/node_modules_next_dist_7a8122d0._.js:2287
[    3722ms] [LOG] [EarthPlanet] Disabling Cesium canvas overlay @ http://localhost:3000/_next/static/chunks/node_modules_next_dist_7a8122d0._.js:2287
[    3722ms] [LOG] [EarthPlanet] Cesium disabled, planet mesh restored @ http://localhost:3000/_next/static/chunks/node_modules_next_dist_7a8122d0._.js:2287
[    3722ms] [LOG] [SolarSystemCanvas3D] OrbitControls always enabled @ http://localhost:3000/_next/static/chunks/node_modules_next_dist_7a8122d0._.js:2287
[    3724ms] [LOG] [MOD Manager] 已注册MOD: satellite-tracking @ http://localhost:3000/_next/static/chunks/node_modules_next_dist_7a8122d0._.js:2287
[    3724ms] [LOG] [MOD Manager] 已注册MOD: cesium-integration @ http://localhost:3000/_next/static/chunks/node_modules_next_dist_7a8122d0._.js:2287
[    3724ms] [LOG] [MOD Manager] 已注册MOD: weather-disaster @ http://localhost:3000/_next/static/chunks/node_modules_next_dist_7a8122d0._.js:2287
[    3725ms] [LOG] [MOD Manager] 已注册MOD: global-traffic @ http://localhost:3000/_next/static/chunks/node_modules_next_dist_7a8122d0._.js:2287
[    3725ms] [LOG] [MOD Manager] 已注册MOD: space-launches @ http://localhost:3000/_next/static/chunks/node_modules_next_dist_7a8122d0._.js:2287
[    3725ms] [LOG] [MODs] 核心MOD注册完成 @ http://localhost:3000/_next/static/chunks/node_modules_next_dist_7a8122d0._.js:2287
[    3726ms] [INFO] [satellite-tracking] [Satellite Tracking] MOD加载中... @ http://localhost:3000/_next/static/chunks/node_modules_next_dist_7a8122d0._.js:2287
[    3771ms] [WARNING] Image with src "http://localhost:3000/LOGO/logolw.svg" has either width or height modified, but not the other. If you use CSS to change the size of your image, also include the styles 'width: "auto"' or 'height: "auto"' to maintain the aspect ratio. @ http://localhost:3000/_next/static/chunks/node_modules_next_dist_7a8122d0._.js:2287
[    3874ms] [ERROR] Failed to load resource: the server responded with a status of 404 (Not Found) @ http://localhost:3000/data/satellites.json:0
[    3874ms] [WARNING] [SatelliteAPI] 卫星数据文件不存在，跳过加载 @ http://localhost:3000/_next/static/chunks/node_modules_next_dist_7a8122d0._.js:2287
[    3875ms] [INFO] [satellite-tracking] [Satellite Tracking] 卫星数据加载完成 @ http://localhost:3000/_next/static/chunks/node_modules_next_dist_7a8122d0._.js:2287
[    3875ms] [INFO] [satellite-tracking] [Satellite Tracking] MOD启用 @ http://localhost:3000/_next/static/chunks/node_modules_next_dist_7a8122d0._.js:2287
[    3878ms] [LOG] [MOD Manager] 已自动启用MOD: satellite-tracking @ http://localhost:3000/_next/static/chunks/node_modules_next_dist_7a8122d0._.js:2287
[    3878ms] [INFO] [cesium-integration] [Cesium Integration] MOD加载中... @ http://localhost:3000/_next/static/chunks/node_modules_next_dist_7a8122d0._.js:2287
[    3882ms] [LOG] [SatelliteStore] 获取卫星数据: active @ http://localhost:3000/_next/static/chunks/node_modules_next_dist_7a8122d0._.js:2287
[    3883ms] [INFO] [cesium-integration] [Cesium Integration] MOD启用 @ http://localhost:3000/_next/static/chunks/node_modules_next_dist_7a8122d0._.js:2287
[    3884ms] [LOG] [MOD Manager] 已自动启用MOD: cesium-integration @ http://localhost:3000/_next/static/chunks/node_modules_next_dist_7a8122d0._.js:2287
[    3891ms] [LOG] [SolarSystemCanvas3D] Setting Cesium enabled: true @ http://localhost:3000/_next/static/chunks/node_modules_next_dist_7a8122d0._.js:2287
[    3891ms] [LOG] [EarthPlanet] setCesiumEnabled called with: true @ http://localhost:3000/_next/static/chunks/node_modules_next_dist_7a8122d0._.js:2287
[    3894ms] [LOG] [CesiumAdapter] camera altitude (m): 4490429846995 near: 1000.0 far: 449042984699494 cesiumPos(m): 1537013510546 -817062020982 4139325615381 @ http://localhost:3000/_next/static/chunks/node_modules_next_dist_7a8122d0._.js:2287
[    3895ms] [LOG] [EarthPlanet] Initial camera synced Three.js → Cesium @ http://localhost:3000/_next/static/chunks/node_modules_next_dist_7a8122d0._.js:2287
[    3915ms] [LOG] [EarthPlanet] Cesium enabled, mesh switched to depth-only @ http://localhost:3000/_next/static/chunks/node_modules_next_dist_7a8122d0._.js:2287
[    3916ms] [LOG] [SolarSystemCanvas3D] OrbitControls always enabled @ http://localhost:3000/_next/static/chunks/node_modules_next_dist_7a8122d0._.js:2287
[    3990ms] [LOG] [HMR] connected @ http://localhost:3000/_next/static/chunks/node_modules_next_dist_7a8122d0._.js:2287
[    3995ms] [LOG] SGP4 Worker已就绪 @ http://localhost:3000/_next/static/chunks/node_modules_next_dist_7a8122d0._.js:2287
[    4542ms] [LOG] [SatelliteStore] 设置搜索查询: "" @ http://localhost:3000/_next/static/chunks/node_modules_next_dist_7a8122d0._.js:2287
[    4543ms] [LOG] [SatelliteStore] 筛选后可见卫星: 0 / 0 @ http://localhost:3000/_next/static/chunks/node_modules_next_dist_7a8122d0._.js:2287
[    4552ms] [LOG] Auto-focused on Earth @ http://localhost:3000/_next/static/chunks/node_modules_next_dist_7a8122d0._.js:2287
[    4629ms] [LOG] LocalGroupRenderer initialized with 101 galaxies @ http://localhost:3000/_next/static/chunks/node_modules_next_dist_7a8122d0._.js:2287
[    4725ms] [LOG] [GaiaStars] 加载了 477076 颗恒星 @ http://localhost:3000/_next/static/chunks/node_modules_next_dist_7a8122d0._.js:2287
[    4727ms] [LOG] [GaiaStars] 亮星数量: 548 @ http://localhost:3000/_next/static/chunks/node_modules_next_dist_7a8122d0._.js:2287
[    4788ms] [LOG] [GaiaStars] 星等范围: 1.94 到 10.00 @ http://localhost:3000/_next/static/chunks/node_modules_next_dist_7a8122d0._.js:2287
[    4788ms] [LOG] [GaiaStars] 数据加载完成 @ http://localhost:3000/_next/static/chunks/node_modules_next_dist_7a8122d0._.js:2287
[    4834ms] [LOG] NearbyGroupsRenderer initialized with 52 groups and 695 galaxies @ http://localhost:3000/_next/static/chunks/node_modules_next_dist_7a8122d0._.js:2287
[    4913ms] [LOG] VirgoSuperclusterRenderer initialized with 113 clusters and 2321 galaxies @ http://localhost:3000/_next/static/chunks/node_modules_next_dist_7a8122d0._.js:2287
[    4927ms] [LOG] [CameraSynchronizer] Three.js → Cesium sync: {threePos: Object, threeDir: Object, threeUp: Object, cesiumPos: Object, cesiumDir: Object} @ http://localhost:3000/_next/static/chunks/node_modules_next_dist_7a8122d0._.js:2287
[    5045ms] [LOG] [UniverseDataLoader] Supercluster count: 13 @ http://localhost:3000/_next/static/chunks/node_modules_next_dist_7a8122d0._.js:2287
[    5048ms] [LOG] [UniverseDataLoader] Supercluster 0: Virgo Supercluster Core, center=(-24.7, 19.3, 36.8), members=5365 @ http://localhost:3000/_next/static/chunks/node_modules_next_dist_7a8122d0._.js:2287
[    5048ms] [LOG] [UniverseDataLoader] Supercluster 1: Centaurus Supercluster, center=(-82.0, 18.1, 115.9), members=2320 @ http://localhost:3000/_next/static/chunks/node_modules_next_dist_7a8122d0._.js:2287
[    5048ms] [LOG] [UniverseDataLoader] Supercluster 2: Southern Supercluster, center=(-78.4, 87.3, 115.6), members=1607 @ http://localhost:3000/_next/static/chunks/node_modules_next_dist_7a8122d0._.js:2287
[    5049ms] [LOG] [UniverseDataLoader] Parsed 13 superclusters, 13800 total galaxies @ http://localhost:3000/_next/static/chunks/node_modules_next_dist_7a8122d0._.js:2287
[    5727ms] [LOG] LaniakeaSuperclusterRenderer initialized with 13 superclusters and 13800 galaxies @ http://localhost:3000/_next/static/chunks/node_modules_next_dist_7a8122d0._.js:2287
[    5727ms] [LOG] Universe renderers initialization complete @ http://localhost:3000/_next/static/chunks/node_modules_next_dist_7a8122d0._.js:2287
[    5752ms] [LOG] getCelestialBodies: Loaded 21 bodies for JD 2461142.1174703124 @ http://localhost:3000/_next/static/chunks/node_modules_next_dist_7a8122d0._.js:2287
[    5838ms] [LOG] %c[Vercel Web Analytics]%c Debug mode is enabled by default in development. No requests will be sent to the server. color: rgb(120, 120, 120) color: inherit @ http://localhost:3000/_next/static/chunks/node_modules_next_dist_7a8122d0._.js:2287
[    5838ms] [LOG] %c[Vercel Web Analytics]%c Running queued event color: rgb(120, 120, 120) color: inherit pageview {route: /, path: /} @ http://localhost:3000/_next/static/chunks/node_modules_next_dist_7a8122d0._.js:2287
[    5839ms] [LOG] %c[Vercel Web Analytics]%c [view] http://localhost:3000/ color: rgb(120, 120, 120) color: inherit {o: http://localhost:3000/, sv: 0.1.3, sdkn: @vercel/analytics/next, sdkv: 1.5.0, ts: 1775918950844} /_vercel/insights/view @ http://localhost:3000/_next/static/chunks/node_modules_next_dist_7a8122d0._.js:2287
[    5842ms] [LOG] %c[Vercel Speed Insights]%c Debug mode is enabled by default in development. No requests will be sent to the server. color: rgb(120, 120, 120) color: inherit @ http://localhost:3000/_next/static/chunks/node_modules_next_dist_7a8122d0._.js:2287
[    5904ms] [LOG] [CesiumAdapter] camera altitude (m): 279028848038 near: 1000.0 far: 27902884803768 cesiumPos(m): -8792111586 -110095325275 256246700642 @ http://localhost:3000/_next/static/chunks/node_modules_next_dist_7a8122d0._.js:2287
[    6307ms] [LOG] [RenderingMode] Switching to cesium_primary mode @ http://localhost:3000/_next/static/chunks/node_modules_next_dist_7a8122d0._.js:2287
[    6307ms] [LOG] [RenderingMode] Final camera sync: Three.js → Cesium before mode switch @ http://localhost:3000/_next/static/chunks/node_modules_next_dist_7a8122d0._.js:2287
[    6308ms] [LOG] [CesiumAdapter] Native camera enabled with full controls, z-index: 2 @ http://localhost:3000/_next/static/chunks/node_modules_next_dist_7a8122d0._.js:2287
[    6308ms] [LOG] [CesiumAdapter] Camera position: Cartesian3 @ http://localhost:3000/_next/static/chunks/node_modules_next_dist_7a8122d0._.js:2287
[    6308ms] [LOG] [CesiumAdapter] Camera height: 1456647216.6138496 @ http://localhost:3000/_next/static/chunks/node_modules_next_dist_7a8122d0._.js:2287
[    6308ms] [LOG] [CesiumAdapter] Frustum reset to Cesium defaults (near: 0.1, far: 5e8) @ http://localhost:3000/_next/static/chunks/node_modules_next_dist_7a8122d0._.js:2287
[    6308ms] [LOG] [CameraController] Switching to Cesium primary mode @ http://localhost:3000/_next/static/chunks/node_modules_next_dist_7a8122d0._.js:2287
[    6308ms] [LOG] [CameraController] Earth Lock paused for Cesium mode @ http://localhost:3000/_next/static/chunks/node_modules_next_dist_7a8122d0._.js:2287
[    6308ms] [LOG] [RenderingMode] Successfully switched to cesium_primary mode @ http://localhost:3000/_next/static/chunks/node_modules_next_dist_7a8122d0._.js:2287
[    7763ms] [LOG] getCelestialBodies: Loaded 21 bodies for JD 2461142.117493796 @ http://localhost:3000/_next/static/chunks/node_modules_next_dist_7a8122d0._.js:2287
[    9526ms] [WARNING] The resource http://localhost:3000/_next/static/chunks/%5Broot-of-the-server%5D__0f0ba101._.css was preloaded using link preload but not used within a few seconds from the window's load event. Please make sure it has an appropriate `as` value and it is preloaded intentionally. @ http://localhost:3000/:0
[    9769ms] [LOG] getCelestialBodies: Loaded 21 bodies for JD 2461142.117517014 @ http://localhost:3000/_next/static/chunks/node_modules_next_dist_7a8122d0._.js:2287
[   11775ms] [LOG] getCelestialBodies: Loaded 21 bodies for JD 2461142.11754022 @ http://localhost:3000/_next/static/chunks/node_modules_next_dist_7a8122d0._.js:2287
[   13782ms] [LOG] getCelestialBodies: Loaded 21 bodies for JD 2461142.117563449 @ http://localhost:3000/_next/static/chunks/node_modules_next_dist_7a8122d0._.js:2287
[   13895ms] [ERROR] [SatelliteStore] 获取卫星数据失败: signal timed out @ http://localhost:3000/_next/static/chunks/node_modules_next_dist_7a8122d0._.js:3117
[   15789ms] [LOG] getCelestialBodies: Loaded 21 bodies for JD 2461142.1175866667 @ http://localhost:3000/_next/static/chunks/node_modules_next_dist_7a8122d0._.js:2287
[   17261ms] [WARNING] The resource http://localhost:3000/_next/static/chunks/%5Broot-of-the-server%5D__0f0ba101._.css was preloaded using link preload but not used within a few seconds from the window's load event. Please make sure it has an appropriate `as` value and it is preloaded intentionally. @ http://localhost:3000/:0
[   17801ms] [LOG] getCelestialBodies: Loaded 21 bodies for JD 2461142.1176099535 @ http://localhost:3000/_next/static/chunks/node_modules_next_dist_7a8122d0._.js:2287
[   19810ms] [LOG] getCelestialBodies: Loaded 21 bodies for JD 2461142.1176331947 @ http://localhost:3000/_next/static/chunks/node_modules_next_dist_7a8122d0._.js:2287
[   21821ms] [LOG] getCelestialBodies: Loaded 21 bodies for JD 2461142.1176565047 @ http://localhost:3000/_next/static/chunks/node_modules_next_dist_7a8122d0._.js:2287
[   23832ms] [LOG] getCelestialBodies: Loaded 21 bodies for JD 2461142.1176797687 @ http://localhost:3000/_next/static/chunks/node_modules_next_dist_7a8122d0._.js:2287
[   25837ms] [LOG] getCelestialBodies: Loaded 21 bodies for JD 2461142.117702986 @ http://localhost:3000/_next/static/chunks/node_modules_next_dist_7a8122d0._.js:2287
[   27843ms] [LOG] getCelestialBodies: Loaded 21 bodies for JD 2461142.1177261807 @ http://localhost:3000/_next/static/chunks/node_modules_next_dist_7a8122d0._.js:2287
[   29853ms] [LOG] getCelestialBodies: Loaded 21 bodies for JD 2461142.1177494675 @ http://localhost:3000/_next/static/chunks/node_modules_next_dist_7a8122d0._.js:2287
[   31862ms] [LOG] getCelestialBodies: Loaded 21 bodies for JD 2461142.11777272 @ http://localhost:3000/_next/static/chunks/node_modules_next_dist_7a8122d0._.js:2287
[   33872ms] [LOG] getCelestialBodies: Loaded 21 bodies for JD 2461142.117795984 @ http://localhost:3000/_next/static/chunks/node_modules_next_dist_7a8122d0._.js:2287
[   35877ms] [LOG] getCelestialBodies: Loaded 21 bodies for JD 2461142.11781919 @ http://localhost:3000/_next/static/chunks/node_modules_next_dist_7a8122d0._.js:2287
[   37883ms] [LOG] getCelestialBodies: Loaded 21 bodies for JD 2461142.1178424074 @ http://localhost:3000/_next/static/chunks/node_modules_next_dist_7a8122d0._.js:2287
[   39890ms] [LOG] getCelestialBodies: Loaded 21 bodies for JD 2461142.1178656365 @ http://localhost:3000/_next/static/chunks/node_modules_next_dist_7a8122d0._.js:2287
[   41894ms] [LOG] getCelestialBodies: Loaded 21 bodies for JD 2461142.1178888427 @ http://localhost:3000/_next/static/chunks/node_modules_next_dist_7a8122d0._.js:2287
[   43901ms] [LOG] getCelestialBodies: Loaded 21 bodies for JD 2461142.11791206 @ http://localhost:3000/_next/static/chunks/node_modules_next_dist_7a8122d0._.js:2287
[   45909ms] [LOG] getCelestialBodies: Loaded 21 bodies for JD 2461142.117935301 @ http://localhost:3000/_next/static/chunks/node_modules_next_dist_7a8122d0._.js:2287
[   47921ms] [LOG] getCelestialBodies: Loaded 21 bodies for JD 2461142.117958565 @ http://localhost:3000/_next/static/chunks/node_modules_next_dist_7a8122d0._.js:2287
[   49929ms] [LOG] getCelestialBodies: Loaded 21 bodies for JD 2461142.1179818055 @ http://localhost:3000/_next/static/chunks/node_modules_next_dist_7a8122d0._.js:2287
[   51939ms] [LOG] getCelestialBodies: Loaded 21 bodies for JD 2461142.118005046 @ http://localhost:3000/_next/static/chunks/node_modules_next_dist_7a8122d0._.js:2287
[   53947ms] [LOG] getCelestialBodies: Loaded 21 bodies for JD 2461142.118028322 @ http://localhost:3000/_next/static/chunks/node_modules_next_dist_7a8122d0._.js:2287
[   55957ms] [LOG] getCelestialBodies: Loaded 21 bodies for JD 2461142.1180515974 @ http://localhost:3000/_next/static/chunks/node_modules_next_dist_7a8122d0._.js:2287
[   57961ms] [LOG] getCelestialBodies: Loaded 21 bodies for JD 2461142.1180747915 @ http://localhost:3000/_next/static/chunks/node_modules_next_dist_7a8122d0._.js:2287
[   59968ms] [LOG] getCelestialBodies: Loaded 21 bodies for JD 2461142.118098021 @ http://localhost:3000/_next/static/chunks/node_modules_next_dist_7a8122d0._.js:2287
[   61975ms] [LOG] getCelestialBodies: Loaded 21 bodies for JD 2461142.118121227 @ http://localhost:3000/_next/static/chunks/node_modules_next_dist_7a8122d0._.js:2287
[   62149ms] [LOG] [Fast Refresh] rebuilding @ http://localhost:3000/_next/static/chunks/node_modules_next_dist_7a8122d0._.js:2287
[   62487ms] [LOG] Initializing scene with 21 celestial bodies @ http://localhost:3000/_next/static/chunks/node_modules_next_dist_7a8122d0._.js:2287
[   62507ms] [LOG] [GaiaStars] 开始加载数据... @ http://localhost:3000/_next/static/chunks/node_modules_next_dist_7a8122d0._.js:2287
[   62525ms] [LOG] SatelliteLayer initialized @ http://localhost:3000/_next/static/chunks/node_modules_next_dist_7a8122d0._.js:2287
[   62527ms] [LOG] [SolarSystemCanvas3D] OrbitControls initialized and enabled: true @ http://localhost:3000/_next/static/chunks/node_modules_next_dist_7a8122d0._.js:2287
[   62558ms] [LOG] [EarthPlanet] setCesiumEnabled called with: true @ http://localhost:3000/_next/static/chunks/node_modules_next_dist_7a8122d0._.js:2287
[   62559ms] [LOG] [EarthPlanet] Cesium enabled, mesh switched to depth-only @ http://localhost:3000/_next/static/chunks/node_modules_next_dist_7a8122d0._.js:2287
[   62576ms] [LOG] [SolarSystemCanvas3D] Setting Cesium enabled: true @ http://localhost:3000/_next/static/chunks/node_modules_next_dist_7a8122d0._.js:2287
[   62577ms] [LOG] [EarthPlanet] setCesiumEnabled called with: true @ http://localhost:3000/_next/static/chunks/node_modules_next_dist_7a8122d0._.js:2287
[   62577ms] [LOG] [CesiumAdapter] camera altitude (m): 4490429847840 near: 1000.0 far: 449042984783957 cesiumPos(m): -1472031809678 -927776748648 4139609896044 @ http://localhost:3000/_next/static/chunks/node_modules_next_dist_7a8122d0._.js:2287
[   62578ms] [LOG] [EarthPlanet] Initial camera synced Three.js → Cesium @ http://localhost:3000/_next/static/chunks/node_modules_next_dist_7a8122d0._.js:2287
[   62578ms] [LOG] [EarthPlanet] Cesium enabled, mesh switched to depth-only @ http://localhost:3000/_next/static/chunks/node_modules_next_dist_7a8122d0._.js:2287
[   62578ms] [LOG] [SolarSystemCanvas3D] OrbitControls always enabled @ http://localhost:3000/_next/static/chunks/node_modules_next_dist_7a8122d0._.js:2287
[   62602ms] [LOG] [RenderingMode] Switching to three_primary mode @ http://localhost:3000/_next/static/chunks/node_modules_next_dist_7a8122d0._.js:2287
[   62602ms] [LOG] [RenderingMode] Final camera sync: Cesium → Three.js before mode switch @ http://localhost:3000/_next/static/chunks/node_modules_next_dist_7a8122d0._.js:2287
[   62602ms] [LOG] [RenderingMode] OrbitControls state reset, inertia cleared @ http://localhost:3000/_next/static/chunks/node_modules_next_dist_7a8122d0._.js:2287
[   62602ms] [LOG] [CesiumAdapter] Native camera disabled, z-index: 0 @ http://localhost:3000/_next/static/chunks/node_modules_next_dist_7a8122d0._.js:2287
[   62602ms] [LOG] [CameraController] Switching to Three.js primary mode @ http://localhost:3000/_next/static/chunks/node_modules_next_dist_7a8122d0._.js:2287
[   62602ms] [LOG] [RenderingMode] Successfully switched to three_primary mode @ http://localhost:3000/_next/static/chunks/node_modules_next_dist_7a8122d0._.js:2287
[   62823ms] [LOG] [Fast Refresh] done in 436ms @ http://localhost:3000/_next/static/chunks/node_modules_next_dist_7a8122d0._.js:2287
[   63208ms] [LOG] SGP4 Worker已就绪 @ http://localhost:3000/_next/static/chunks/node_modules_next_dist_7a8122d0._.js:2287
[   63209ms] [LOG] Auto-focused on Earth @ http://localhost:3000/_next/static/chunks/node_modules_next_dist_7a8122d0._.js:2287
[   63253ms] [LOG] LocalGroupRenderer initialized with 101 galaxies @ http://localhost:3000/_next/static/chunks/node_modules_next_dist_7a8122d0._.js:2287
[   63298ms] [LOG] [GaiaStars] 加载了 477076 颗恒星 @ http://localhost:3000/_next/static/chunks/node_modules_next_dist_7a8122d0._.js:2287
[   63302ms] [LOG] [GaiaStars] 亮星数量: 548 @ http://localhost:3000/_next/static/chunks/node_modules_next_dist_7a8122d0._.js:2287
[   63374ms] [LOG] [GaiaStars] 星等范围: 1.94 到 10.00 @ http://localhost:3000/_next/static/chunks/node_modules_next_dist_7a8122d0._.js:2287
[   63374ms] [LOG] [GaiaStars] 数据加载完成 @ http://localhost:3000/_next/static/chunks/node_modules_next_dist_7a8122d0._.js:2287
[   63417ms] [LOG] NearbyGroupsRenderer initialized with 52 groups and 695 galaxies @ http://localhost:3000/_next/static/chunks/node_modules_next_dist_7a8122d0._.js:2287
[   63484ms] [LOG] VirgoSuperclusterRenderer initialized with 113 clusters and 2321 galaxies @ http://localhost:3000/_next/static/chunks/node_modules_next_dist_7a8122d0._.js:2287
[   63586ms] [LOG] [UniverseDataLoader] Supercluster count: 13 @ http://localhost:3000/_next/static/chunks/node_modules_next_dist_7a8122d0._.js:2287
[   63587ms] [LOG] [UniverseDataLoader] Supercluster 0: Virgo Supercluster Core, center=(-24.7, 19.3, 36.8), members=5365 @ http://localhost:3000/_next/static/chunks/node_modules_next_dist_7a8122d0._.js:2287
[   63588ms] [LOG] [UniverseDataLoader] Supercluster 1: Centaurus Supercluster, center=(-82.0, 18.1, 115.9), members=2320 @ http://localhost:3000/_next/static/chunks/node_modules_next_dist_7a8122d0._.js:2287
[   63589ms] [LOG] [UniverseDataLoader] Supercluster 2: Southern Supercluster, center=(-78.4, 87.3, 115.6), members=1607 @ http://localhost:3000/_next/static/chunks/node_modules_next_dist_7a8122d0._.js:2287
[   63590ms] [LOG] [UniverseDataLoader] Parsed 13 superclusters, 13800 total galaxies @ http://localhost:3000/_next/static/chunks/node_modules_next_dist_7a8122d0._.js:2287
[   64326ms] [LOG] LaniakeaSuperclusterRenderer initialized with 13 superclusters and 13800 galaxies @ http://localhost:3000/_next/static/chunks/node_modules_next_dist_7a8122d0._.js:2287
[   64327ms] [LOG] Universe renderers initialization complete @ http://localhost:3000/_next/static/chunks/node_modules_next_dist_7a8122d0._.js:2287
[   64343ms] [LOG] getCelestialBodies: Loaded 21 bodies for JD 2461142.1181362267 @ http://localhost:3000/_next/static/chunks/node_modules_next_dist_7a8122d0._.js:2287
[   64587ms] [LOG] [CesiumAdapter] camera altitude (m): 21290193399 near: 1000.0 far: 2129019339928 cesiumPos(m): -6980919792 -4400757960 19632721244 @ http://localhost:3000/_next/static/chunks/node_modules_next_dist_7a8122d0._.js:2287
[   64882ms] [LOG] [RenderingMode] Switching to cesium_primary mode @ http://localhost:3000/_next/static/chunks/node_modules_next_dist_7a8122d0._.js:2287
[   64882ms] [LOG] [RenderingMode] Final camera sync: Three.js → Cesium before mode switch @ http://localhost:3000/_next/static/chunks/node_modules_next_dist_7a8122d0._.js:2287
[   64882ms] [LOG] [CesiumAdapter] Native camera enabled with full controls, z-index: 2 @ http://localhost:3000/_next/static/chunks/node_modules_next_dist_7a8122d0._.js:2287
[   64882ms] [LOG] [CesiumAdapter] Camera position: Cartesian3 @ http://localhost:3000/_next/static/chunks/node_modules_next_dist_7a8122d0._.js:2287
[   64882ms] [LOG] [CesiumAdapter] Camera height: 1220833637.5012693 @ http://localhost:3000/_next/static/chunks/node_modules_next_dist_7a8122d0._.js:2287
[   64882ms] [LOG] [CesiumAdapter] Frustum reset to Cesium defaults (near: 0.1, far: 5e8) @ http://localhost:3000/_next/static/chunks/node_modules_next_dist_7a8122d0._.js:2287
[   64882ms] [LOG] [CameraController] Switching to Cesium primary mode @ http://localhost:3000/_next/static/chunks/node_modules_next_dist_7a8122d0._.js:2287
[   64882ms] [LOG] [CameraController] Earth Lock paused for Cesium mode @ http://localhost:3000/_next/static/chunks/node_modules_next_dist_7a8122d0._.js:2287
[   64883ms] [LOG] [RenderingMode] Successfully switched to cesium_primary mode @ http://localhost:3000/_next/static/chunks/node_modules_next_dist_7a8122d0._.js:2287
[   66354ms] [LOG] getCelestialBodies: Loaded 21 bodies for JD 2461142.1181596066 @ http://localhost:3000/_next/static/chunks/node_modules_next_dist_7a8122d0._.js:2287
[   66555ms] [WARNING] The resource http://localhost:3000/_next/static/chunks/%5Broot-of-the-server%5D__0f0ba101._.css was preloaded using link preload but not used within a few seconds from the window's load event. Please make sure it has an appropriate `as` value and it is preloaded intentionally. @ http://localhost:3000/:0
[   68366ms] [LOG] getCelestialBodies: Loaded 21 bodies for JD 2461142.1181828934 @ http://localhost:3000/_next/static/chunks/node_modules_next_dist_7a8122d0._.js:2287
[   70371ms] [LOG] getCelestialBodies: Loaded 21 bodies for JD 2461142.1182061112 @ http://localhost:3000/_next/static/chunks/node_modules_next_dist_7a8122d0._.js:2287
[   72383ms] [LOG] getCelestialBodies: Loaded 21 bodies for JD 2461142.1182293864 @ http://localhost:3000/_next/static/chunks/node_modules_next_dist_7a8122d0._.js:2287
[   74396ms] [LOG] getCelestialBodies: Loaded 21 bodies for JD 2461142.118252697 @ http://localhost:3000/_next/static/chunks/node_modules_next_dist_7a8122d0._.js:2287
[   74970ms] [LOG] [Fast Refresh] rebuilding @ http://localhost:3000/_next/static/chunks/node_modules_next_dist_7a8122d0._.js:2287
[   76408ms] [LOG] getCelestialBodies: Loaded 21 bodies for JD 2461142.1182759604 @ http://localhost:3000/_next/static/chunks/node_modules_next_dist_7a8122d0._.js:2287
[   76526ms] [LOG] [Fast Refresh] done in 1684ms @ http://localhost:3000/_next/static/chunks/node_modules_next_dist_7a8122d0._.js:2287
[   78344ms] [WARNING] The resource http://localhost:3000/_next/static/chunks/%5Broot-of-the-server%5D__0f0ba101._.css was preloaded using link preload but not used within a few seconds from the window's load event. Please make sure it has an appropriate `as` value and it is preloaded intentionally. @ http://localhost:3000/:0
[   78419ms] [LOG] getCelestialBodies: Loaded 21 bodies for JD 2461142.1182992477 @ http://localhost:3000/_next/static/chunks/node_modules_next_dist_7a8122d0._.js:2287
[   80429ms] [LOG] getCelestialBodies: Loaded 21 bodies for JD 2461142.1183225117 @ http://localhost:3000/_next/static/chunks/node_modules_next_dist_7a8122d0._.js:2287
[   82439ms] [LOG] getCelestialBodies: Loaded 21 bodies for JD 2461142.118345787 @ http://localhost:3000/_next/static/chunks/node_modules_next_dist_7a8122d0._.js:2287
[   84459ms] [LOG] getCelestialBodies: Loaded 21 bodies for JD 2461142.118369155 @ http://localhost:3000/_next/static/chunks/node_modules_next_dist_7a8122d0._.js:2287
[   86469ms] [LOG] getCelestialBodies: Loaded 21 bodies for JD 2461142.118392419 @ http://localhost:3000/_next/static/chunks/node_modules_next_dist_7a8122d0._.js:2287
[   88478ms] [LOG] getCelestialBodies: Loaded 21 bodies for JD 2461142.1184156714 @ http://localhost:3000/_next/static/chunks/node_modules_next_dist_7a8122d0._.js:2287
[   90487ms] [LOG] getCelestialBodies: Loaded 21 bodies for JD 2461142.1184389237 @ http://localhost:3000/_next/static/chunks/node_modules_next_dist_7a8122d0._.js:2287
[   92494ms] [LOG] getCelestialBodies: Loaded 21 bodies for JD 2461142.118462153 @ http://localhost:3000/_next/static/chunks/node_modules_next_dist_7a8122d0._.js:2287
[   94500ms] [LOG] getCelestialBodies: Loaded 21 bodies for JD 2461142.118485382 @ http://localhost:3000/_next/static/chunks/node_modules_next_dist_7a8122d0._.js:2287
[   96509ms] [LOG] getCelestialBodies: Loaded 21 bodies for JD 2461142.118508634 @ http://localhost:3000/_next/static/chunks/node_modules_next_dist_7a8122d0._.js:2287
[   98522ms] [LOG] getCelestialBodies: Loaded 21 bodies for JD 2461142.11853191 @ http://localhost:3000/_next/static/chunks/node_modules_next_dist_7a8122d0._.js:2287
[  100535ms] [LOG] getCelestialBodies: Loaded 21 bodies for JD 2461142.11855522 @ http://localhost:3000/_next/static/chunks/node_modules_next_dist_7a8122d0._.js:2287
[  102541ms] [LOG] getCelestialBodies: Loaded 21 bodies for JD 2461142.118578449 @ http://localhost:3000/_next/static/chunks/node_modules_next_dist_7a8122d0._.js:2287
[  104553ms] [LOG] getCelestialBodies: Loaded 21 bodies for JD 2461142.1186017245 @ http://localhost:3000/_next/static/chunks/node_modules_next_dist_7a8122d0._.js:2287
[  106560ms] [LOG] getCelestialBodies: Loaded 21 bodies for JD 2461142.118624965 @ http://localhost:3000/_next/static/chunks/node_modules_next_dist_7a8122d0._.js:2287
[  108570ms] [LOG] getCelestialBodies: Loaded 21 bodies for JD 2461142.118648229 @ http://localhost:3000/_next/static/chunks/node_modules_next_dist_7a8122d0._.js:2287
[  110579ms] [LOG] getCelestialBodies: Loaded 21 bodies for JD 2461142.11867147 @ http://localhost:3000/_next/static/chunks/node_modules_next_dist_7a8122d0._.js:2287
[  112591ms] [LOG] getCelestialBodies: Loaded 21 bodies for JD 2461142.118694757 @ http://localhost:3000/_next/static/chunks/node_modules_next_dist_7a8122d0._.js:2287
[  114602ms] [LOG] getCelestialBodies: Loaded 21 bodies for JD 2461142.1187180323 @ http://localhost:3000/_next/static/chunks/node_modules_next_dist_7a8122d0._.js:2287
[  116609ms] [LOG] getCelestialBodies: Loaded 21 bodies for JD 2461142.118741273 @ http://localhost:3000/_next/static/chunks/node_modules_next_dist_7a8122d0._.js:2287
[  118616ms] [LOG] getCelestialBodies: Loaded 21 bodies for JD 2461142.118764491 @ http://localhost:3000/_next/static/chunks/node_modules_next_dist_7a8122d0._.js:2287
[  120623ms] [LOG] getCelestialBodies: Loaded 21 bodies for JD 2461142.1187877315 @ http://localhost:3000/_next/static/chunks/node_modules_next_dist_7a8122d0._.js:2287
[  122635ms] [LOG] getCelestialBodies: Loaded 21 bodies for JD 2461142.118811007 @ http://localhost:3000/_next/static/chunks/node_modules_next_dist_7a8122d0._.js:2287
[  124645ms] [LOG] getCelestialBodies: Loaded 21 bodies for JD 2461142.1188342823 @ http://localhost:3000/_next/static/chunks/node_modules_next_dist_7a8122d0._.js:2287
[  126657ms] [LOG] getCelestialBodies: Loaded 21 bodies for JD 2461142.118857558 @ http://localhost:3000/_next/static/chunks/node_modules_next_dist_7a8122d0._.js:2287
[  128668ms] [LOG] getCelestialBodies: Loaded 21 bodies for JD 2461142.1188808335 @ http://localhost:3000/_next/static/chunks/node_modules_next_dist_7a8122d0._.js:2287
[  130676ms] [LOG] getCelestialBodies: Loaded 21 bodies for JD 2461142.118904074 @ http://localhost:3000/_next/static/chunks/node_modules_next_dist_7a8122d0._.js:2287
[  132685ms] [LOG] getCelestialBodies: Loaded 21 bodies for JD 2461142.1189273265 @ http://localhost:3000/_next/static/chunks/node_modules_next_dist_7a8122d0._.js:2287
[  134692ms] [LOG] getCelestialBodies: Loaded 21 bodies for JD 2461142.118950567 @ http://localhost:3000/_next/static/chunks/node_modules_next_dist_7a8122d0._.js:2287
[  136701ms] [LOG] getCelestialBodies: Loaded 21 bodies for JD 2461142.118973808 @ http://localhost:3000/_next/static/chunks/node_modules_next_dist_7a8122d0._.js:2287
[  138708ms] [LOG] getCelestialBodies: Loaded 21 bodies for JD 2461142.118997037 @ http://localhost:3000/_next/static/chunks/node_modules_next_dist_7a8122d0._.js:2287
[  140717ms] [LOG] getCelestialBodies: Loaded 21 bodies for JD 2461142.119020301 @ http://localhost:3000/_next/static/chunks/node_modules_next_dist_7a8122d0._.js:2287
[  142731ms] [LOG] getCelestialBodies: Loaded 21 bodies for JD 2461142.119043588 @ http://localhost:3000/_next/static/chunks/node_modules_next_dist_7a8122d0._.js:2287
[  144743ms] [LOG] getCelestialBodies: Loaded 21 bodies for JD 2461142.119066875 @ http://localhost:3000/_next/static/chunks/node_modules_next_dist_7a8122d0._.js:2287
[  146752ms] [LOG] getCelestialBodies: Loaded 21 bodies for JD 2461142.119090139 @ http://localhost:3000/_next/static/chunks/node_modules_next_dist_7a8122d0._.js:2287
[  148762ms] [LOG] getCelestialBodies: Loaded 21 bodies for JD 2461142.1191133913 @ http://localhost:3000/_next/static/chunks/node_modules_next_dist_7a8122d0._.js:2287
[  150769ms] [LOG] getCelestialBodies: Loaded 21 bodies for JD 2461142.1191366203 @ http://localhost:3000/_next/static/chunks/node_modules_next_dist_7a8122d0._.js:2287
[  152777ms] [LOG] getCelestialBodies: Loaded 21 bodies for JD 2461142.1191598843 @ http://localhost:3000/_next/static/chunks/node_modules_next_dist_7a8122d0._.js:2287
[  154784ms] [LOG] getCelestialBodies: Loaded 21 bodies for JD 2461142.1191831017 @ http://localhost:3000/_next/static/chunks/node_modules_next_dist_7a8122d0._.js:2287
[  156791ms] [LOG] getCelestialBodies: Loaded 21 bodies for JD 2461142.119206331 @ http://localhost:3000/_next/static/chunks/node_modules_next_dist_7a8122d0._.js:2287
[  158800ms] [LOG] getCelestialBodies: Loaded 21 bodies for JD 2461142.1192295947 @ http://localhost:3000/_next/static/chunks/node_modules_next_dist_7a8122d0._.js:2287
[  160812ms] [LOG] getCelestialBodies: Loaded 21 bodies for JD 2461142.119252882 @ http://localhost:3000/_next/static/chunks/node_modules_next_dist_7a8122d0._.js:2287
[  162817ms] [LOG] getCelestialBodies: Loaded 21 bodies for JD 2461142.1192760877 @ http://localhost:3000/_next/static/chunks/node_modules_next_dist_7a8122d0._.js:2287
[  164828ms] [LOG] getCelestialBodies: Loaded 21 bodies for JD 2461142.1192993633 @ http://localhost:3000/_next/static/chunks/node_modules_next_dist_7a8122d0._.js:2287
[  166834ms] [LOG] getCelestialBodies: Loaded 21 bodies for JD 2461142.119322581 @ http://localhost:3000/_next/static/chunks/node_modules_next_dist_7a8122d0._.js:2287
[  168841ms] [LOG] getCelestialBodies: Loaded 21 bodies for JD 2461142.1193458103 @ http://localhost:3000/_next/static/chunks/node_modules_next_dist_7a8122d0._.js:2287
[  170849ms] [LOG] getCelestialBodies: Loaded 21 bodies for JD 2461142.119369051 @ http://localhost:3000/_next/static/chunks/node_modules_next_dist_7a8122d0._.js:2287
[  172856ms] [LOG] getCelestialBodies: Loaded 21 bodies for JD 2461142.11939228 @ http://localhost:3000/_next/static/chunks/node_modules_next_dist_7a8122d0._.js:2287
[  174867ms] [LOG] getCelestialBodies: Loaded 21 bodies for JD 2461142.1194155556 @ http://localhost:3000/_next/static/chunks/node_modules_next_dist_7a8122d0._.js:2287
[  176879ms] [LOG] getCelestialBodies: Loaded 21 bodies for JD 2461142.1194388424 @ http://localhost:3000/_next/static/chunks/node_modules_next_dist_7a8122d0._.js:2287
[  178885ms] [LOG] getCelestialBodies: Loaded 21 bodies for JD 2461142.1194620603 @ http://localhost:3000/_next/static/chunks/node_modules_next_dist_7a8122d0._.js:2287
[  180892ms] [LOG] getCelestialBodies: Loaded 21 bodies for JD 2461142.1194852777 @ http://localhost:3000/_next/static/chunks/node_modules_next_dist_7a8122d0._.js:2287
[  182899ms] [LOG] getCelestialBodies: Loaded 21 bodies for JD 2461142.1195085184 @ http://localhost:3000/_next/static/chunks/node_modules_next_dist_7a8122d0._.js:2287
[  184911ms] [LOG] getCelestialBodies: Loaded 21 bodies for JD 2461142.119531794 @ http://localhost:3000/_next/static/chunks/node_modules_next_dist_7a8122d0._.js:2287
[  186920ms] [LOG] getCelestialBodies: Loaded 21 bodies for JD 2461142.119555058 @ http://localhost:3000/_next/static/chunks/node_modules_next_dist_7a8122d0._.js:2287
[  188928ms] [LOG] getCelestialBodies: Loaded 21 bodies for JD 2461142.119578287 @ http://localhost:3000/_next/static/chunks/node_modules_next_dist_7a8122d0._.js:2287
[  190934ms] [LOG] getCelestialBodies: Loaded 21 bodies for JD 2461142.1196015277 @ http://localhost:3000/_next/static/chunks/node_modules_next_dist_7a8122d0._.js:2287
[  192943ms] [LOG] getCelestialBodies: Loaded 21 bodies for JD 2461142.1196247684 @ http://localhost:3000/_next/static/chunks/node_modules_next_dist_7a8122d0._.js:2287
[  194958ms] [LOG] getCelestialBodies: Loaded 21 bodies for JD 2461142.1196480556 @ http://localhost:3000/_next/static/chunks/node_modules_next_dist_7a8122d0._.js:2287
[  196965ms] [LOG] getCelestialBodies: Loaded 21 bodies for JD 2461142.1196713196 @ http://localhost:3000/_next/static/chunks/node_modules_next_dist_7a8122d0._.js:2287
[  198976ms] [LOG] getCelestialBodies: Loaded 21 bodies for JD 2461142.119694583 @ http://localhost:3000/_next/static/chunks/node_modules_next_dist_7a8122d0._.js:2287
[  200983ms] [LOG] getCelestialBodies: Loaded 21 bodies for JD 2461142.1197178126 @ http://localhost:3000/_next/static/chunks/node_modules_next_dist_7a8122d0._.js:2287
[  202992ms] [LOG] getCelestialBodies: Loaded 21 bodies for JD 2461142.1197410766 @ http://localhost:3000/_next/static/chunks/node_modules_next_dist_7a8122d0._.js:2287
[  204999ms] [LOG] getCelestialBodies: Loaded 21 bodies for JD 2461142.1197643057 @ http://localhost:3000/_next/static/chunks/node_modules_next_dist_7a8122d0._.js:2287
[  207005ms] [LOG] getCelestialBodies: Loaded 21 bodies for JD 2461142.1197875114 @ http://localhost:3000/_next/static/chunks/node_modules_next_dist_7a8122d0._.js:2287
[  209017ms] [LOG] getCelestialBodies: Loaded 21 bodies for JD 2461142.119810787 @ http://localhost:3000/_next/static/chunks/node_modules_next_dist_7a8122d0._.js:2287
[  211029ms] [LOG] getCelestialBodies: Loaded 21 bodies for JD 2461142.119834097 @ http://localhost:3000/_next/static/chunks/node_modules_next_dist_7a8122d0._.js:2287
[  213040ms] [LOG] getCelestialBodies: Loaded 21 bodies for JD 2461142.119857361 @ http://localhost:3000/_next/static/chunks/node_modules_next_dist_7a8122d0._.js:2287
[  215052ms] [LOG] getCelestialBodies: Loaded 21 bodies for JD 2461142.1198806483 @ http://localhost:3000/_next/static/chunks/node_modules_next_dist_7a8122d0._.js:2287
[  217059ms] [LOG] getCelestialBodies: Loaded 21 bodies for JD 2461142.119903889 @ http://localhost:3000/_next/static/chunks/node_modules_next_dist_7a8122d0._.js:2287
[  219068ms] [LOG] getCelestialBodies: Loaded 21 bodies for JD 2461142.1199271413 @ http://localhost:3000/_next/static/chunks/node_modules_next_dist_7a8122d0._.js:2287
[  221075ms] [LOG] getCelestialBodies: Loaded 21 bodies for JD 2461142.1199503704 @ http://localhost:3000/_next/static/chunks/node_modules_next_dist_7a8122d0._.js:2287
[  223083ms] [LOG] getCelestialBodies: Loaded 21 bodies for JD 2461142.1199735994 @ http://localhost:3000/_next/static/chunks/node_modules_next_dist_7a8122d0._.js:2287
[  225091ms] [LOG] getCelestialBodies: Loaded 21 bodies for JD 2461142.119996852 @ http://localhost:3000/_next/static/chunks/node_modules_next_dist_7a8122d0._.js:2287
[  227106ms] [LOG] getCelestialBodies: Loaded 21 bodies for JD 2461142.120020162 @ http://localhost:3000/_next/static/chunks/node_modules_next_dist_7a8122d0._.js:2287
[  229113ms] [LOG] getCelestialBodies: Loaded 21 bodies for JD 2461142.120043403 @ http://localhost:3000/_next/static/chunks/node_modules_next_dist_7a8122d0._.js:2287
[  231126ms] [LOG] getCelestialBodies: Loaded 21 bodies for JD 2461142.120066678 @ http://localhost:3000/_next/static/chunks/node_modules_next_dist_7a8122d0._.js:2287
[  233131ms] [LOG] getCelestialBodies: Loaded 21 bodies for JD 2461142.120089907 @ http://localhost:3000/_next/static/chunks/node_modules_next_dist_7a8122d0._.js:2287
[  235138ms] [LOG] getCelestialBodies: Loaded 21 bodies for JD 2461142.1201131367 @ http://localhost:3000/_next/static/chunks/node_modules_next_dist_7a8122d0._.js:2287
[  237149ms] [LOG] getCelestialBodies: Loaded 21 bodies for JD 2461142.1201364007 @ http://localhost:3000/_next/static/chunks/node_modules_next_dist_7a8122d0._.js:2287
[  239156ms] [LOG] getCelestialBodies: Loaded 21 bodies for JD 2461142.1201596414 @ http://localhost:3000/_next/static/chunks/node_modules_next_dist_7a8122d0._.js:2287
[  241166ms] [LOG] getCelestialBodies: Loaded 21 bodies for JD 2461142.120182905 @ http://localhost:3000/_next/static/chunks/node_modules_next_dist_7a8122d0._.js:2287
[  243172ms] [LOG] getCelestialBodies: Loaded 21 bodies for JD 2461142.120206111 @ http://localhost:3000/_next/static/chunks/node_modules_next_dist_7a8122d0._.js:2287
[  245179ms] [LOG] getCelestialBodies: Loaded 21 bodies for JD 2461142.120229352 @ http://localhost:3000/_next/static/chunks/node_modules_next_dist_7a8122d0._.js:2287
[  247188ms] [LOG] getCelestialBodies: Loaded 21 bodies for JD 2461142.120252604 @ http://localhost:3000/_next/static/chunks/node_modules_next_dist_7a8122d0._.js:2287
[  249195ms] [LOG] getCelestialBodies: Loaded 21 bodies for JD 2461142.120275833 @ http://localhost:3000/_next/static/chunks/node_modules_next_dist_7a8122d0._.js:2287
[  251205ms] [LOG] getCelestialBodies: Loaded 21 bodies for JD 2461142.120299097 @ http://localhost:3000/_next/static/chunks/node_modules_next_dist_7a8122d0._.js:2287
[  253220ms] [LOG] getCelestialBodies: Loaded 21 bodies for JD 2461142.120322396 @ http://localhost:3000/_next/static/chunks/node_modules_next_dist_7a8122d0._.js:2287
[  255234ms] [LOG] getCelestialBodies: Loaded 21 bodies for JD 2461142.120345706 @ http://localhost:3000/_next/static/chunks/node_modules_next_dist_7a8122d0._.js:2287
[  257240ms] [LOG] getCelestialBodies: Loaded 21 bodies for JD 2461142.1203689585 @ http://localhost:3000/_next/static/chunks/node_modules_next_dist_7a8122d0._.js:2287
[  259250ms] [LOG] getCelestialBodies: Loaded 21 bodies for JD 2461142.120392211 @ http://localhost:3000/_next/static/chunks/node_modules_next_dist_7a8122d0._.js:2287
[  261259ms] [LOG] getCelestialBodies: Loaded 21 bodies for JD 2461142.120415463 @ http://localhost:3000/_next/static/chunks/node_modules_next_dist_7a8122d0._.js:2287
[  263269ms] [LOG] getCelestialBodies: Loaded 21 bodies for JD 2461142.120438727 @ http://localhost:3000/_next/static/chunks/node_modules_next_dist_7a8122d0._.js:2287
[  265279ms] [LOG] getCelestialBodies: Loaded 21 bodies for JD 2461142.120461979 @ http://localhost:3000/_next/static/chunks/node_modules_next_dist_7a8122d0._.js:2287
[  267289ms] [LOG] getCelestialBodies: Loaded 21 bodies for JD 2461142.120485243 @ http://localhost:3000/_next/static/chunks/node_modules_next_dist_7a8122d0._.js:2287
[  269298ms] [LOG] getCelestialBodies: Loaded 21 bodies for JD 2461142.1205084953 @ http://localhost:3000/_next/static/chunks/node_modules_next_dist_7a8122d0._.js:2287
[  271309ms] [LOG] getCelestialBodies: Loaded 21 bodies for JD 2461142.120531771 @ http://localhost:3000/_next/static/chunks/node_modules_next_dist_7a8122d0._.js:2287
[  273315ms] [LOG] getCelestialBodies: Loaded 21 bodies for JD 2461142.1205549883 @ http://localhost:3000/_next/static/chunks/node_modules_next_dist_7a8122d0._.js:2287
[  275323ms] [LOG] getCelestialBodies: Loaded 21 bodies for JD 2461142.120578229 @ http://localhost:3000/_next/static/chunks/node_modules_next_dist_7a8122d0._.js:2287
[  277330ms] [LOG] getCelestialBodies: Loaded 21 bodies for JD 2461142.1206014813 @ http://localhost:3000/_next/static/chunks/node_modules_next_dist_7a8122d0._.js:2287
[  279339ms] [LOG] getCelestialBodies: Loaded 21 bodies for JD 2461142.1206247224 @ http://localhost:3000/_next/static/chunks/node_modules_next_dist_7a8122d0._.js:2287
[  281347ms] [LOG] getCelestialBodies: Loaded 21 bodies for JD 2461142.120647963 @ http://localhost:3000/_next/static/chunks/node_modules_next_dist_7a8122d0._.js:2287
[  283357ms] [LOG] getCelestialBodies: Loaded 21 bodies for JD 2461142.1206712266 @ http://localhost:3000/_next/static/chunks/node_modules_next_dist_7a8122d0._.js:2287
[  285363ms] [LOG] getCelestialBodies: Loaded 21 bodies for JD 2461142.120694433 @ http://localhost:3000/_next/static/chunks/node_modules_next_dist_7a8122d0._.js:2287
[  287369ms] [LOG] getCelestialBodies: Loaded 21 bodies for JD 2461142.1207176503 @ http://localhost:3000/_next/static/chunks/node_modules_next_dist_7a8122d0._.js:2287
[  289380ms] [LOG] getCelestialBodies: Loaded 21 bodies for JD 2461142.120740926 @ http://localhost:3000/_next/static/chunks/node_modules_next_dist_7a8122d0._.js:2287
[  291391ms] [LOG] getCelestialBodies: Loaded 21 bodies for JD 2461142.120764213 @ http://localhost:3000/_next/static/chunks/node_modules_next_dist_7a8122d0._.js:2287
[  293403ms] [LOG] getCelestialBodies: Loaded 21 bodies for JD 2461142.1207875 @ http://localhost:3000/_next/static/chunks/node_modules_next_dist_7a8122d0._.js:2287
[  295416ms] [LOG] getCelestialBodies: Loaded 21 bodies for JD 2461142.120810787 @ http://localhost:3000/_next/static/chunks/node_modules_next_dist_7a8122d0._.js:2287
[  297427ms] [LOG] getCelestialBodies: Loaded 21 bodies for JD 2461142.1208340507 @ http://localhost:3000/_next/static/chunks/node_modules_next_dist_7a8122d0._.js:2287
[  299434ms] [LOG] getCelestialBodies: Loaded 21 bodies for JD 2461142.120857303 @ http://localhost:3000/_next/static/chunks/node_modules_next_dist_7a8122d0._.js:2287
[  301445ms] [LOG] getCelestialBodies: Loaded 21 bodies for JD 2461142.120880567 @ http://localhost:3000/_next/static/chunks/node_modules_next_dist_7a8122d0._.js:2287
[  303450ms] [LOG] getCelestialBodies: Loaded 21 bodies for JD 2461142.120903785 @ http://localhost:3000/_next/static/chunks/node_modules_next_dist_7a8122d0._.js:2287
[  305461ms] [LOG] getCelestialBodies: Loaded 21 bodies for JD 2461142.1209270484 @ http://localhost:3000/_next/static/chunks/node_modules_next_dist_7a8122d0._.js:2287
[  307466ms] [LOG] getCelestialBodies: Loaded 21 bodies for JD 2461142.1209502663 @ http://localhost:3000/_next/static/chunks/node_modules_next_dist_7a8122d0._.js:2287
[  309474ms] [LOG] getCelestialBodies: Loaded 21 bodies for JD 2461142.120973507 @ http://localhost:3000/_next/static/chunks/node_modules_next_dist_7a8122d0._.js:2287
[  311480ms] [LOG] getCelestialBodies: Loaded 21 bodies for JD 2461142.1209967243 @ http://localhost:3000/_next/static/chunks/node_modules_next_dist_7a8122d0._.js:2287
[  313490ms] [LOG] getCelestialBodies: Loaded 21 bodies for JD 2461142.1210199883 @ http://localhost:3000/_next/static/chunks/node_modules_next_dist_7a8122d0._.js:2287
[  315501ms] [LOG] getCelestialBodies: Loaded 21 bodies for JD 2461142.121043264 @ http://localhost:3000/_next/static/chunks/node_modules_next_dist_7a8122d0._.js:2287
[  317508ms] [LOG] getCelestialBodies: Loaded 21 bodies for JD 2461142.121066493 @ http://localhost:3000/_next/static/chunks/node_modules_next_dist_7a8122d0._.js:2287
[  319518ms] [LOG] getCelestialBodies: Loaded 21 bodies for JD 2461142.1210897453 @ http://localhost:3000/_next/static/chunks/node_modules_next_dist_7a8122d0._.js:2287
[  321525ms] [LOG] getCelestialBodies: Loaded 21 bodies for JD 2461142.1211129744 @ http://localhost:3000/_next/static/chunks/node_modules_next_dist_7a8122d0._.js:2287
[  323532ms] [LOG] getCelestialBodies: Loaded 21 bodies for JD 2461142.121136215 @ http://localhost:3000/_next/static/chunks/node_modules_next_dist_7a8122d0._.js:2287
[  325539ms] [LOG] getCelestialBodies: Loaded 21 bodies for JD 2461142.1211594446 @ http://localhost:3000/_next/static/chunks/node_modules_next_dist_7a8122d0._.js:2287
[  327545ms] [LOG] getCelestialBodies: Loaded 21 bodies for JD 2461142.121182662 @ http://localhost:3000/_next/static/chunks/node_modules_next_dist_7a8122d0._.js:2287
[  329555ms] [LOG] getCelestialBodies: Loaded 21 bodies for JD 2461142.121205926 @ http://localhost:3000/_next/static/chunks/node_modules_next_dist_7a8122d0._.js:2287
[  331565ms] [LOG] getCelestialBodies: Loaded 21 bodies for JD 2461142.1212292016 @ http://localhost:3000/_next/static/chunks/node_modules_next_dist_7a8122d0._.js:2287
[  333572ms] [LOG] getCelestialBodies: Loaded 21 bodies for JD 2461142.121252419 @ http://localhost:3000/_next/static/chunks/node_modules_next_dist_7a8122d0._.js:2287
[  335576ms] [LOG] getCelestialBodies: Loaded 21 bodies for JD 2461142.1212756136 @ http://localhost:3000/_next/static/chunks/node_modules_next_dist_7a8122d0._.js:2287
[  337586ms] [LOG] getCelestialBodies: Loaded 21 bodies for JD 2461142.1212988775 @ http://localhost:3000/_next/static/chunks/node_modules_next_dist_7a8122d0._.js:2287
[  339595ms] [LOG] getCelestialBodies: Loaded 21 bodies for JD 2461142.12132213 @ http://localhost:3000/_next/static/chunks/node_modules_next_dist_7a8122d0._.js:2287
[  341602ms] [LOG] getCelestialBodies: Loaded 21 bodies for JD 2461142.1213453473 @ http://localhost:3000/_next/static/chunks/node_modules_next_dist_7a8122d0._.js:2287
[  343608ms] [LOG] getCelestialBodies: Loaded 21 bodies for JD 2461142.1213685647 @ http://localhost:3000/_next/static/chunks/node_modules_next_dist_7a8122d0._.js:2287
[  345617ms] [LOG] getCelestialBodies: Loaded 21 bodies for JD 2461142.121391817 @ http://localhost:3000/_next/static/chunks/node_modules_next_dist_7a8122d0._.js:2287
[  347622ms] [LOG] getCelestialBodies: Loaded 21 bodies for JD 2461142.121415035 @ http://localhost:3000/_next/static/chunks/node_modules_next_dist_7a8122d0._.js:2287
[  349635ms] [LOG] getCelestialBodies: Loaded 21 bodies for JD 2461142.1214383217 @ http://localhost:3000/_next/static/chunks/node_modules_next_dist_7a8122d0._.js:2287
[  351643ms] [LOG] getCelestialBodies: Loaded 21 bodies for JD 2461142.1214615623 @ http://localhost:3000/_next/static/chunks/node_modules_next_dist_7a8122d0._.js:2287
[  353656ms] [LOG] getCelestialBodies: Loaded 21 bodies for JD 2461142.121484838 @ http://localhost:3000/_next/static/chunks/node_modules_next_dist_7a8122d0._.js:2287
[  355662ms] [LOG] getCelestialBodies: Loaded 21 bodies for JD 2461142.1215080786 @ http://localhost:3000/_next/static/chunks/node_modules_next_dist_7a8122d0._.js:2287
[  357675ms] [LOG] getCelestialBodies: Loaded 21 bodies for JD 2461142.121531366 @ http://localhost:3000/_next/static/chunks/node_modules_next_dist_7a8122d0._.js:2287
[  359686ms] [LOG] getCelestialBodies: Loaded 21 bodies for JD 2461142.1215546643 @ http://localhost:3000/_next/static/chunks/node_modules_next_dist_7a8122d0._.js:2287
[  361696ms] [LOG] getCelestialBodies: Loaded 21 bodies for JD 2461142.1215779283 @ http://localhost:3000/_next/static/chunks/node_modules_next_dist_7a8122d0._.js:2287
[  363708ms] [LOG] getCelestialBodies: Loaded 21 bodies for JD 2461142.121601204 @ http://localhost:3000/_next/static/chunks/node_modules_next_dist_7a8122d0._.js:2287
[  365717ms] [LOG] getCelestialBodies: Loaded 21 bodies for JD 2461142.1216244674 @ http://localhost:3000/_next/static/chunks/node_modules_next_dist_7a8122d0._.js:2287
[  367729ms] [LOG] getCelestialBodies: Loaded 21 bodies for JD 2461142.1216477314 @ http://localhost:3000/_next/static/chunks/node_modules_next_dist_7a8122d0._.js:2287
[  369739ms] [LOG] getCelestialBodies: Loaded 21 bodies for JD 2461142.1216709837 @ http://localhost:3000/_next/static/chunks/node_modules_next_dist_7a8122d0._.js:2287
[  371748ms] [LOG] getCelestialBodies: Loaded 21 bodies for JD 2461142.1216942593 @ http://localhost:3000/_next/static/chunks/node_modules_next_dist_7a8122d0._.js:2287
[  373762ms] [LOG] getCelestialBodies: Loaded 21 bodies for JD 2461142.1217175694 @ http://localhost:3000/_next/static/chunks/node_modules_next_dist_7a8122d0._.js:2287
[  375770ms] [LOG] getCelestialBodies: Loaded 21 bodies for JD 2461142.12174081 @ http://localhost:3000/_next/static/chunks/node_modules_next_dist_7a8122d0._.js:2287
[  377781ms] [LOG] getCelestialBodies: Loaded 21 bodies for JD 2461142.1217640857 @ http://localhost:3000/_next/static/chunks/node_modules_next_dist_7a8122d0._.js:2287
[  379790ms] [LOG] getCelestialBodies: Loaded 21 bodies for JD 2461142.121787338 @ http://localhost:3000/_next/static/chunks/node_modules_next_dist_7a8122d0._.js:2287
[  381797ms] [LOG] getCelestialBodies: Loaded 21 bodies for JD 2461142.121810567 @ http://localhost:3000/_next/static/chunks/node_modules_next_dist_7a8122d0._.js:2287
[  383808ms] [LOG] getCelestialBodies: Loaded 21 bodies for JD 2461142.1218338427 @ http://localhost:3000/_next/static/chunks/node_modules_next_dist_7a8122d0._.js:2287
[  385816ms] [LOG] getCelestialBodies: Loaded 21 bodies for JD 2461142.1218570834 @ http://localhost:3000/_next/static/chunks/node_modules_next_dist_7a8122d0._.js:2287
[  387822ms] [LOG] getCelestialBodies: Loaded 21 bodies for JD 2461142.121880301 @ http://localhost:3000/_next/static/chunks/node_modules_next_dist_7a8122d0._.js:2287
[  389832ms] [LOG] getCelestialBodies: Loaded 21 bodies for JD 2461142.121903565 @ http://localhost:3000/_next/static/chunks/node_modules_next_dist_7a8122d0._.js:2287
[  391842ms] [LOG] getCelestialBodies: Loaded 21 bodies for JD 2461142.1219268288 @ http://localhost:3000/_next/static/chunks/node_modules_next_dist_7a8122d0._.js:2287
[  393850ms] [LOG] getCelestialBodies: Loaded 21 bodies for JD 2461142.1219500694 @ http://localhost:3000/_next/static/chunks/node_modules_next_dist_7a8122d0._.js:2287
[  395857ms] [LOG] getCelestialBodies: Loaded 21 bodies for JD 2461142.1219732985 @ http://localhost:3000/_next/static/chunks/node_modules_next_dist_7a8122d0._.js:2287
[  397866ms] [LOG] getCelestialBodies: Loaded 21 bodies for JD 2461142.121996551 @ http://localhost:3000/_next/static/chunks/node_modules_next_dist_7a8122d0._.js:2287
[  399880ms] [LOG] getCelestialBodies: Loaded 21 bodies for JD 2461142.1220198497 @ http://localhost:3000/_next/static/chunks/node_modules_next_dist_7a8122d0._.js:2287
[  401888ms] [LOG] getCelestialBodies: Loaded 21 bodies for JD 2461142.122043102 @ http://localhost:3000/_next/static/chunks/node_modules_next_dist_7a8122d0._.js:2287
[  403897ms] [LOG] getCelestialBodies: Loaded 21 bodies for JD 2461142.1220663544 @ http://localhost:3000/_next/static/chunks/node_modules_next_dist_7a8122d0._.js:2287
[  405904ms] [LOG] getCelestialBodies: Loaded 21 bodies for JD 2461142.1220895834 @ http://localhost:3000/_next/static/chunks/node_modules_next_dist_7a8122d0._.js:2287
[  407916ms] [LOG] getCelestialBodies: Loaded 21 bodies for JD 2461142.1221128586 @ http://localhost:3000/_next/static/chunks/node_modules_next_dist_7a8122d0._.js:2287
[  409923ms] [LOG] getCelestialBodies: Loaded 21 bodies for JD 2461142.1221360997 @ http://localhost:3000/_next/static/chunks/node_modules_next_dist_7a8122d0._.js:2287
[  411932ms] [LOG] getCelestialBodies: Loaded 21 bodies for JD 2461142.1221593404 @ http://localhost:3000/_next/static/chunks/node_modules_next_dist_7a8122d0._.js:2287
[  413944ms] [LOG] getCelestialBodies: Loaded 21 bodies for JD 2461142.122182639 @ http://localhost:3000/_next/static/chunks/node_modules_next_dist_7a8122d0._.js:2287
[  415951ms] [LOG] getCelestialBodies: Loaded 21 bodies for JD 2461142.122205868 @ http://localhost:3000/_next/static/chunks/node_modules_next_dist_7a8122d0._.js:2287
[  417963ms] [LOG] getCelestialBodies: Loaded 21 bodies for JD 2461142.122229155 @ http://localhost:3000/_next/static/chunks/node_modules_next_dist_7a8122d0._.js:2287
[  419973ms] [LOG] getCelestialBodies: Loaded 21 bodies for JD 2461142.122252419 @ http://localhost:3000/_next/static/chunks/node_modules_next_dist_7a8122d0._.js:2287
[  421985ms] [LOG] getCelestialBodies: Loaded 21 bodies for JD 2461142.1222756943 @ http://localhost:3000/_next/static/chunks/node_modules_next_dist_7a8122d0._.js:2287
[  423992ms] [LOG] getCelestialBodies: Loaded 21 bodies for JD 2461142.122298935 @ http://localhost:3000/_next/static/chunks/node_modules_next_dist_7a8122d0._.js:2287
[  426006ms] [LOG] getCelestialBodies: Loaded 21 bodies for JD 2461142.122322234 @ http://localhost:3000/_next/static/chunks/node_modules_next_dist_7a8122d0._.js:2287
[  428019ms] [LOG] getCelestialBodies: Loaded 21 bodies for JD 2461142.122345544 @ http://localhost:3000/_next/static/chunks/node_modules_next_dist_7a8122d0._.js:2287
[  430027ms] [LOG] getCelestialBodies: Loaded 21 bodies for JD 2461142.1223687846 @ http://localhost:3000/_next/static/chunks/node_modules_next_dist_7a8122d0._.js:2287
[  432044ms] [LOG] getCelestialBodies: Loaded 21 bodies for JD 2461142.122392118 @ http://localhost:3000/_next/static/chunks/node_modules_next_dist_7a8122d0._.js:2287
[  434055ms] [LOG] getCelestialBodies: Loaded 21 bodies for JD 2461142.122415405 @ http://localhost:3000/_next/static/chunks/node_modules_next_dist_7a8122d0._.js:2287
[  436061ms] [LOG] getCelestialBodies: Loaded 21 bodies for JD 2461142.1224386343 @ http://localhost:3000/_next/static/chunks/node_modules_next_dist_7a8122d0._.js:2287
[  438069ms] [LOG] getCelestialBodies: Loaded 21 bodies for JD 2461142.122461875 @ http://localhost:3000/_next/static/chunks/node_modules_next_dist_7a8122d0._.js:2287
[  440082ms] [LOG] getCelestialBodies: Loaded 21 bodies for JD 2461142.122485162 @ http://localhost:3000/_next/static/chunks/node_modules_next_dist_7a8122d0._.js:2287
[  442094ms] [LOG] getCelestialBodies: Loaded 21 bodies for JD 2461142.122508449 @ http://localhost:3000/_next/static/chunks/node_modules_next_dist_7a8122d0._.js:2287
[  444106ms] [LOG] getCelestialBodies: Loaded 21 bodies for JD 2461142.122531748 @ http://localhost:3000/_next/static/chunks/node_modules_next_dist_7a8122d0._.js:2287
[  446115ms] [LOG] getCelestialBodies: Loaded 21 bodies for JD 2461142.122555 @ http://localhost:3000/_next/static/chunks/node_modules_next_dist_7a8122d0._.js:2287
[  448127ms] [LOG] getCelestialBodies: Loaded 21 bodies for JD 2461142.122578287 @ http://localhost:3000/_next/static/chunks/node_modules_next_dist_7a8122d0._.js:2287
[  450139ms] [LOG] getCelestialBodies: Loaded 21 bodies for JD 2461142.1226015394 @ http://localhost:3000/_next/static/chunks/node_modules_next_dist_7a8122d0._.js:2287
[  452145ms] [LOG] getCelestialBodies: Loaded 21 bodies for JD 2461142.12262478 @ http://localhost:3000/_next/static/chunks/node_modules_next_dist_7a8122d0._.js:2287
[  454155ms] [LOG] getCelestialBodies: Loaded 21 bodies for JD 2461142.1226480207 @ http://localhost:3000/_next/static/chunks/node_modules_next_dist_7a8122d0._.js:2287
[  456167ms] [LOG] getCelestialBodies: Loaded 21 bodies for JD 2461142.1226713196 @ http://localhost:3000/_next/static/chunks/node_modules_next_dist_7a8122d0._.js:2287
[  458175ms] [LOG] getCelestialBodies: Loaded 21 bodies for JD 2461142.122694572 @ http://localhost:3000/_next/static/chunks/node_modules_next_dist_7a8122d0._.js:2287
[  460185ms] [LOG] getCelestialBodies: Loaded 21 bodies for JD 2461142.1227178127 @ http://localhost:3000/_next/static/chunks/node_modules_next_dist_7a8122d0._.js:2287
[  462197ms] [LOG] getCelestialBodies: Loaded 21 bodies for JD 2461142.1227411344 @ http://localhost:3000/_next/static/chunks/node_modules_next_dist_7a8122d0._.js:2287
[  464211ms] [LOG] getCelestialBodies: Loaded 21 bodies for JD 2461142.122764433 @ http://localhost:3000/_next/static/chunks/node_modules_next_dist_7a8122d0._.js:2287
[  466224ms] [LOG] getCelestialBodies: Loaded 21 bodies for JD 2461142.12278772 @ http://localhost:3000/_next/static/chunks/node_modules_next_dist_7a8122d0._.js:2287
