[     470ms] [INFO] %cDownload the React DevTools for a better development experience: https://react.dev/link/react-devtools font-weight:bold @ http://localhost:3000/_next/static/chunks/node_modules_next_dist_7a8122d0._.js:2287
[     542ms] [WARNING] %c%s%c  [33m[1m⚠[22m[39m Unsupported metadata viewport is configured in metadata export in /. Please move it to viewport export instead.
Read more: https://nextjs.org/docs/app/api-reference/functions/generate-viewport background: #e6e6e6;background: light-dark(rgba(0,0,0,0.1), rgba(255,255,255,0.25));color: #000000;color: light-dark(#000000, #ffffff);border-radius: 2px  Server   @ http://localhost:3000/_next/static/chunks/node_modules_next_dist_7a8122d0._.js:2287
[     738ms] [LOG] Initializing celestial bodies... @ http://localhost:3000/_next/static/chunks/node_modules_next_dist_7a8122d0._.js:2287
[     739ms] [LOG] getCelestialBodies: Loaded 21 bodies for JD 2461162.1519375117 @ http://localhost:3000/_next/static/chunks/node_modules_next_dist_7a8122d0._.js:2287
[     739ms] [LOG] Loaded 21 celestial bodies @ http://localhost:3000/_next/static/chunks/node_modules_next_dist_7a8122d0._.js:2287
[     750ms] [LOG] [SatelliteStore] 从本地存储恢复状态 @ http://localhost:3000/_next/static/chunks/node_modules_next_dist_7a8122d0._.js:2287
[     750ms] [LOG] [SatelliteStore] 筛选后可见卫星: 0 / 0 @ http://localhost:3000/_next/static/chunks/node_modules_next_dist_7a8122d0._.js:2287
[     865ms] [LOG] [HMR] connected @ http://localhost:3000/_next/static/chunks/node_modules_next_dist_7a8122d0._.js:2287
[     885ms] [LOG] Initializing scene with 21 celestial bodies @ http://localhost:3000/_next/static/chunks/node_modules_next_dist_7a8122d0._.js:2287
[     910ms] [LOG] [GaiaStars] 开始加载数据... @ http://localhost:3000/_next/static/chunks/node_modules_next_dist_7a8122d0._.js:2287
[     933ms] [LOG] SatelliteLayer initialized @ http://localhost:3000/_next/static/chunks/node_modules_next_dist_7a8122d0._.js:2287
[    1021ms] [LOG] [EarthPlanet] setCesiumEnabled called with: true @ http://localhost:3000/_next/static/chunks/node_modules_next_dist_7a8122d0._.js:2287
[    1023ms] [LOG] [EarthPlanet] Cesium enabled, mesh switched to depth-only @ http://localhost:3000/_next/static/chunks/node_modules_next_dist_7a8122d0._.js:2287
[    1049ms] [LOG] [SolarSystemCanvas3D] Setting Cesium enabled: true @ http://localhost:3000/_next/static/chunks/node_modules_next_dist_7a8122d0._.js:2287
[    1049ms] [LOG] [EarthPlanet] setCesiumEnabled called with: true @ http://localhost:3000/_next/static/chunks/node_modules_next_dist_7a8122d0._.js:2287
[    1052ms] [LOG] [CesiumAdapter] camera altitude (m): 4490454467740 near: 1000.0 far: 449045446774016 cesiumPos(m): 113901747564 -1694615348855 4156867060129 @ http://localhost:3000/_next/static/chunks/node_modules_next_dist_7a8122d0._.js:2287
[    1052ms] [LOG] [EarthPlanet] Initial camera synced Three.js → Cesium @ http://localhost:3000/_next/static/chunks/node_modules_next_dist_7a8122d0._.js:2287
[    1053ms] [LOG] [EarthPlanet] Cesium enabled, mesh switched to depth-only @ http://localhost:3000/_next/static/chunks/node_modules_next_dist_7a8122d0._.js:2287
[    1053ms] [LOG] [SolarSystemCanvas3D] OrbitControls always enabled @ http://localhost:3000/_next/static/chunks/node_modules_next_dist_7a8122d0._.js:2287
[    1055ms] [LOG] [MODs] 开始从自动注册表加载MOD... @ http://localhost:3000/_next/static/chunks/node_modules_next_dist_7a8122d0._.js:2287
[    1056ms] [LOG] [MODs] 发现 5 个MOD，开始注册... @ http://localhost:3000/_next/static/chunks/node_modules_next_dist_7a8122d0._.js:2287
[    1057ms] [LOG] [MOD Manager] 已注册MOD: cesium-integration @ http://localhost:3000/_next/static/chunks/node_modules_next_dist_7a8122d0._.js:2287
[    1057ms] [LOG] [MODs] ✓ Cesium Earth (cesium-integration) @ http://localhost:3000/_next/static/chunks/node_modules_next_dist_7a8122d0._.js:2287
[    1058ms] [LOG] [MOD Manager] 已注册MOD: global-traffic @ http://localhost:3000/_next/static/chunks/node_modules_next_dist_7a8122d0._.js:2287
[    1058ms] [LOG] [MODs] ✓ Global Traffic & Trade Routes (global-traffic) @ http://localhost:3000/_next/static/chunks/node_modules_next_dist_7a8122d0._.js:2287
[    1058ms] [LOG] [MOD Manager] 已注册MOD: satellite-tracking @ http://localhost:3000/_next/static/chunks/node_modules_next_dist_7a8122d0._.js:2287
[    1059ms] [LOG] [MODs] ✓ Satellite Tracking (satellite-tracking) @ http://localhost:3000/_next/static/chunks/node_modules_next_dist_7a8122d0._.js:2287
[    1059ms] [LOG] [MOD Manager] 已注册MOD: space-launches @ http://localhost:3000/_next/static/chunks/node_modules_next_dist_7a8122d0._.js:2287
[    1059ms] [LOG] [MODs] ✓ Space Launch Tracker (space-launches) @ http://localhost:3000/_next/static/chunks/node_modules_next_dist_7a8122d0._.js:2287
[    1060ms] [LOG] [MOD Manager] 已注册MOD: weather-disaster @ http://localhost:3000/_next/static/chunks/node_modules_next_dist_7a8122d0._.js:2287
[    1060ms] [LOG] [MODs] ✓ Weather & Disaster Monitor (weather-disaster) @ http://localhost:3000/_next/static/chunks/node_modules_next_dist_7a8122d0._.js:2287
[    1060ms] [LOG] [MODs] MOD注册完成: 5个成功 @ http://localhost:3000/_next/static/chunks/node_modules_next_dist_7a8122d0._.js:2287
[    1097ms] [INFO] [cesium-integration] [Cesium Integration] MOD加载中... @ http://localhost:3000/_next/static/chunks/node_modules_next_dist_7a8122d0._.js:2287
[    1106ms] [WARNING] Image with src "http://localhost:3000/LOGO/logolw.svg" has either width or height modified, but not the other. If you use CSS to change the size of your image, also include the styles 'width: "auto"' or 'height: "auto"' to maintain the aspect ratio. @ http://localhost:3000/_next/static/chunks/node_modules_next_dist_7a8122d0._.js:2287
[    1106ms] [INFO] [cesium-integration] [Cesium Integration] MOD启用 @ http://localhost:3000/_next/static/chunks/node_modules_next_dist_7a8122d0._.js:2287
[    1111ms] [LOG] [MOD Manager] 已自动启用MOD: cesium-integration @ http://localhost:3000/_next/static/chunks/node_modules_next_dist_7a8122d0._.js:2287
[    1111ms] [INFO] [satellite-tracking] [Satellite Tracking] MOD加载中... @ http://localhost:3000/_next/static/chunks/node_modules_next_dist_7a8122d0._.js:2287
[    1113ms] [LOG] [SatelliteStore] 获取卫星数据: active @ http://localhost:3000/_next/static/chunks/node_modules_next_dist_7a8122d0._.js:2287
[    1166ms] [LOG] [SceneMode] Distance: 4490460839 km (30.016877 AU), Mode: THREE_DOMINANT, Thresholds: enter=14960km, exit=29920km @ http://localhost:3000/_next/static/chunks/node_modules_next_dist_7a8122d0._.js:2287
[    1768ms] [LOG] SGP4 Worker已就绪 @ http://localhost:3000/_next/static/chunks/node_modules_next_dist_7a8122d0._.js:2287
[    1789ms] [LOG] Auto-focused on Earth @ http://localhost:3000/_next/static/chunks/node_modules_next_dist_7a8122d0._.js:2287
[    1832ms] [LOG] [SatelliteStore] 成功获取 15260 颗卫星数据 @ http://localhost:3000/_next/static/chunks/node_modules_next_dist_7a8122d0._.js:2287
[    1834ms] [LOG] [SatelliteStore] 筛选后可见卫星: 15260 / 15260 @ http://localhost:3000/_next/static/chunks/node_modules_next_dist_7a8122d0._.js:2287
[    1834ms] [LOG] [SatelliteAPI] 卫星数据加载完成 @ http://localhost:3000/_next/static/chunks/node_modules_next_dist_7a8122d0._.js:2287
[    1834ms] [INFO] [satellite-tracking] [Satellite Tracking] 卫星数据加载完成 @ http://localhost:3000/_next/static/chunks/node_modules_next_dist_7a8122d0._.js:2287
[    1835ms] [INFO] [satellite-tracking] [Satellite Tracking] MOD启用 @ http://localhost:3000/_next/static/chunks/node_modules_next_dist_7a8122d0._.js:2287
[    1838ms] [LOG] [MOD Manager] 已自动启用MOD: satellite-tracking @ http://localhost:3000/_next/static/chunks/node_modules_next_dist_7a8122d0._.js:2287
[    1881ms] [LOG] LocalGroupRenderer initialized with 101 galaxies @ http://localhost:3000/_next/static/chunks/node_modules_next_dist_7a8122d0._.js:2287
[    1974ms] [LOG] [GaiaStars] 加载了 477076 颗恒星 @ http://localhost:3000/_next/static/chunks/node_modules_next_dist_7a8122d0._.js:2287
[    1976ms] [LOG] [GaiaStars] 亮星数量: 548 @ http://localhost:3000/_next/static/chunks/node_modules_next_dist_7a8122d0._.js:2287
[    2028ms] [LOG] [GaiaStars] 星等范围: 1.94 到 10.00 @ http://localhost:3000/_next/static/chunks/node_modules_next_dist_7a8122d0._.js:2287
[    2028ms] [LOG] [GaiaStars] 数据加载完成 @ http://localhost:3000/_next/static/chunks/node_modules_next_dist_7a8122d0._.js:2287
[    2033ms] [LOG] NearbyGroupsRenderer initialized with 52 groups and 695 galaxies @ http://localhost:3000/_next/static/chunks/node_modules_next_dist_7a8122d0._.js:2287
[    2102ms] [WARNING] SGP4计算警告: [卫星 STARLINK-33851 (63683): 计算异常: Cannot read properties of null (reading 'error')] @ http://localhost:3000/_next/static/chunks/node_modules_next_dist_7a8122d0._.js:2287
[    2118ms] [LOG] VirgoSuperclusterRenderer initialized with 113 clusters and 2321 galaxies @ http://localhost:3000/_next/static/chunks/node_modules_next_dist_7a8122d0._.js:2287
[    2144ms] [LOG] [UniverseDataLoader] Supercluster count: 13 @ http://localhost:3000/_next/static/chunks/node_modules_next_dist_7a8122d0._.js:2287
[    2144ms] [LOG] [UniverseDataLoader] Supercluster 0: Virgo Supercluster Core, center=(-24.7, 19.3, 36.8), members=5365 @ http://localhost:3000/_next/static/chunks/node_modules_next_dist_7a8122d0._.js:2287
[    2144ms] [LOG] [UniverseDataLoader] Supercluster 1: Centaurus Supercluster, center=(-82.0, 18.1, 115.9), members=2320 @ http://localhost:3000/_next/static/chunks/node_modules_next_dist_7a8122d0._.js:2287
[    2144ms] [LOG] [UniverseDataLoader] Supercluster 2: Southern Supercluster, center=(-78.4, 87.3, 115.6), members=1607 @ http://localhost:3000/_next/static/chunks/node_modules_next_dist_7a8122d0._.js:2287
[    2145ms] [LOG] [UniverseDataLoader] Parsed 13 superclusters, 13800 total galaxies @ http://localhost:3000/_next/static/chunks/node_modules_next_dist_7a8122d0._.js:2287
[    2821ms] [LOG] LaniakeaSuperclusterRenderer initialized with 13 superclusters and 13800 galaxies @ http://localhost:3000/_next/static/chunks/node_modules_next_dist_7a8122d0._.js:2287
[    2821ms] [LOG] Universe renderers initialization complete @ http://localhost:3000/_next/static/chunks/node_modules_next_dist_7a8122d0._.js:2287
[    2843ms] [LOG] getCelestialBodies: Loaded 21 bodies for JD 2461162.151946146 @ http://localhost:3000/_next/static/chunks/node_modules_next_dist_7a8122d0._.js:2287
[    2847ms] [LOG] %c[Vercel Web Analytics]%c Debug mode is enabled by default in development. No requests will be sent to the server. color: rgb(120, 120, 120) color: inherit @ http://localhost:3000/_next/static/chunks/node_modules_next_dist_7a8122d0._.js:2287
[    2848ms] [LOG] %c[Vercel Web Analytics]%c Running queued event color: rgb(120, 120, 120) color: inherit pageview {route: /, path: /} @ http://localhost:3000/_next/static/chunks/node_modules_next_dist_7a8122d0._.js:2287
[    2848ms] [LOG] %c[Vercel Web Analytics]%c [view] http://localhost:3000/ color: rgb(120, 120, 120) color: inherit {o: http://localhost:3000/, sv: 0.1.3, sdkn: @vercel/analytics/next, sdkv: 1.5.0, ts: 1777649929513} /_vercel/insights/view @ http://localhost:3000/_next/static/chunks/node_modules_next_dist_7a8122d0._.js:2287
[    2848ms] [LOG] %c[Vercel Speed Insights]%c Debug mode is enabled by default in development. No requests will be sent to the server. color: rgb(120, 120, 120) color: inherit @ http://localhost:3000/_next/static/chunks/node_modules_next_dist_7a8122d0._.js:2287
[    3194ms] [LOG] [SceneMode] Distance: 84932687 km (0.567740 AU), Mode: THREE_DOMINANT, Thresholds: enter=14960km, exit=29920km @ http://localhost:3000/_next/static/chunks/node_modules_next_dist_7a8122d0._.js:2287
[    3447ms] [LOG] [CesiumAdapter] camera altitude (m): 14354530198 near: 1000.0 far: 1435453019810 cesiumPos(m): -435056057 -5661885785 13190498808 @ http://localhost:3000/_next/static/chunks/node_modules_next_dist_7a8122d0._.js:2287
[    3725ms] [LOG] [CameraSynchronizer] Three.js → Cesium sync: {threePos: Object, threeDir: Object, threeUp: Object, cesiumPos: Object, cesiumDir: Object} @ http://localhost:3000/_next/static/chunks/node_modules_next_dist_7a8122d0._.js:2287
[    4573ms] [WARNING] SGP4计算警告: [卫星 STARLINK-33851 (63683): 计算异常: Cannot read properties of null (reading 'error')] @ http://localhost:3000/_next/static/chunks/node_modules_next_dist_7a8122d0._.js:2287
[    4834ms] [LOG] [CameraSynchronizer] Three.js → Cesium sync: {threePos: Object, threeDir: Object, threeUp: Object, cesiumPos: Object, cesiumDir: Object} @ http://localhost:3000/_next/static/chunks/node_modules_next_dist_7a8122d0._.js:2287
[    4855ms] [LOG] getCelestialBodies: Loaded 21 bodies for JD 2461162.15196956 @ http://localhost:3000/_next/static/chunks/node_modules_next_dist_7a8122d0._.js:2287
[    5051ms] [LOG] [CameraSynchronizer] Three.js → Cesium sync: {threePos: Object, threeDir: Object, threeUp: Object, cesiumPos: Object, cesiumDir: Object} @ http://localhost:3000/_next/static/chunks/node_modules_next_dist_7a8122d0._.js:2287
[    5194ms] [LOG] [SceneMode] Distance: 25601 km (0.000171 AU), Mode: THREE_DOMINANT, Thresholds: enter=14960km, exit=29920km @ http://localhost:3000/_next/static/chunks/node_modules_next_dist_7a8122d0._.js:2287
[    5451ms] [LOG] [CesiumAdapter] camera altitude (m): 10589648 near: 1000.0 far: 1058964847 cesiumPos(m): 5177307 -10090608 12611055 @ http://localhost:3000/_next/static/chunks/node_modules_next_dist_7a8122d0._.js:2287
[    5672ms] [LOG] [SceneModeManager] Switching from THREE_DOMINANT to CESIUM_DOMINANT @ http://localhost:3000/_next/static/chunks/node_modules_next_dist_7a8122d0._.js:2287
[    5672ms] [LOG] [SceneMode] ========== MODE CHANGED ========== @ http://localhost:3000/_next/static/chunks/node_modules_next_dist_7a8122d0._.js:2287
[    5672ms] [LOG] [SceneMode] Switched to: CESIUM_DOMINANT @ http://localhost:3000/_next/static/chunks/node_modules_next_dist_7a8122d0._.js:2287
[    5672ms] [LOG] [SceneMode] Distance: 14661 km @ http://localhost:3000/_next/static/chunks/node_modules_next_dist_7a8122d0._.js:2287
[    5672ms] [LOG] [SceneMode] Switching to CESIUM_DOMINANT mode @ http://localhost:3000/_next/static/chunks/node_modules_next_dist_7a8122d0._.js:2287
[    5672ms] [LOG] [EarthPlanet] setCesiumEnabled called with: true @ http://localhost:3000/_next/static/chunks/node_modules_next_dist_7a8122d0._.js:2287
[    5673ms] [LOG] [EarthPlanet] Initial camera synced Three.js → Cesium @ http://localhost:3000/_next/static/chunks/node_modules_next_dist_7a8122d0._.js:2287
[    5673ms] [LOG] [EarthPlanet] Cesium enabled, mesh switched to depth-only @ http://localhost:3000/_next/static/chunks/node_modules_next_dist_7a8122d0._.js:2287
[    5673ms] [LOG] [EarthPlanet] Cesium native camera mode: true @ http://localhost:3000/_next/static/chunks/node_modules_next_dist_7a8122d0._.js:2287
[    5673ms] [LOG] [SceneMode] Initial camera sync: Three.js → Cesium @ http://localhost:3000/_next/static/chunks/node_modules_next_dist_7a8122d0._.js:2287
[    5673ms] [LOG] [CesiumAdapter] Setting native camera enabled: true @ http://localhost:3000/_next/static/chunks/node_modules_next_dist_7a8122d0._.js:2287
[    5673ms] [LOG] [SceneMode] Cesium native camera enabled @ http://localhost:3000/_next/static/chunks/node_modules_next_dist_7a8122d0._.js:2287
[    5673ms] [LOG] [SceneMode] Three.js OrbitControls disabled @ http://localhost:3000/_next/static/chunks/node_modules_next_dist_7a8122d0._.js:2287
[    5673ms] [LOG] [SceneMode] Canvas layers adjusted for CESIUM_DOMINANT @ http://localhost:3000/_next/static/chunks/node_modules_next_dist_7a8122d0._.js:2287
[    6591ms] [WARNING] SGP4计算警告: [卫星 STARLINK-33851 (63683): 计算异常: Cannot read properties of null (reading 'error')] @ http://localhost:3000/_next/static/chunks/node_modules_next_dist_7a8122d0._.js:2287
[    6878ms] [LOG] getCelestialBodies: Loaded 21 bodies for JD 2461162.15199294 @ http://localhost:3000/_next/static/chunks/node_modules_next_dist_7a8122d0._.js:2287
[    7196ms] [LOG] [SceneMode] Distance: 27627 km (0.000185 AU), Mode: CESIUM_DOMINANT, Thresholds: enter=14960km, exit=29920km @ http://localhost:3000/_next/static/chunks/node_modules_next_dist_7a8122d0._.js:2287
[    7266ms] [LOG] [SceneModeManager] Switching from CESIUM_DOMINANT to THREE_DOMINANT @ http://localhost:3000/_next/static/chunks/node_modules_next_dist_7a8122d0._.js:2287
[    7266ms] [LOG] [SceneMode] ========== MODE CHANGED ========== @ http://localhost:3000/_next/static/chunks/node_modules_next_dist_7a8122d0._.js:2287
[    7266ms] [LOG] [SceneMode] Switched to: THREE_DOMINANT @ http://localhost:3000/_next/static/chunks/node_modules_next_dist_7a8122d0._.js:2287
[    7266ms] [LOG] [SceneMode] Distance: 30352 km @ http://localhost:3000/_next/static/chunks/node_modules_next_dist_7a8122d0._.js:2287
[    7266ms] [LOG] [SceneMode] Switching to THREE_DOMINANT mode @ http://localhost:3000/_next/static/chunks/node_modules_next_dist_7a8122d0._.js:2287
[    7266ms] [LOG] [SceneMode] Final camera sync: Cesium → Three.js @ http://localhost:3000/_next/static/chunks/node_modules_next_dist_7a8122d0._.js:2287
[    7266ms] [LOG] [EarthPlanet] Cesium native camera mode: false @ http://localhost:3000/_next/static/chunks/node_modules_next_dist_7a8122d0._.js:2287
[    7266ms] [LOG] [CesiumAdapter] Setting native camera enabled: false @ http://localhost:3000/_next/static/chunks/node_modules_next_dist_7a8122d0._.js:2287
[    7266ms] [LOG] [SceneMode] Cesium native camera disabled @ http://localhost:3000/_next/static/chunks/node_modules_next_dist_7a8122d0._.js:2287
[    7266ms] [LOG] [SceneMode] Three.js OrbitControls enabled, target set to Earth @ http://localhost:3000/_next/static/chunks/node_modules_next_dist_7a8122d0._.js:2287
[    7266ms] [LOG] [SceneMode] Canvas layers adjusted for THREE_DOMINANT @ http://localhost:3000/_next/static/chunks/node_modules_next_dist_7a8122d0._.js:2287
[    7456ms] [LOG] [CesiumAdapter] camera altitude (m): 7322500 near: 732.2 far: 732249978 cesiumPos(m): -6284494 -7578660 9517404 @ http://localhost:3000/_next/static/chunks/node_modules_next_dist_7a8122d0._.js:2287
[    8555ms] [WARNING] SGP4计算警告: [卫星 STARLINK-33851 (63683): 计算异常: Cannot read properties of null (reading 'error')] @ http://localhost:3000/_next/static/chunks/node_modules_next_dist_7a8122d0._.js:2287
[    8898ms] [LOG] getCelestialBodies: Loaded 21 bodies for JD 2461162.1520163426 @ http://localhost:3000/_next/static/chunks/node_modules_next_dist_7a8122d0._.js:2287
[    9152ms] [LOG] [CameraSynchronizer] Three.js → Cesium sync: {threePos: Object, threeDir: Object, threeUp: Object, cesiumPos: Object, cesiumDir: Object} @ http://localhost:3000/_next/static/chunks/node_modules_next_dist_7a8122d0._.js:2287
[    9163ms] [LOG] [CameraSynchronizer] Three.js → Cesium sync: {threePos: Object, threeDir: Object, threeUp: Object, cesiumPos: Object, cesiumDir: Object} @ http://localhost:3000/_next/static/chunks/node_modules_next_dist_7a8122d0._.js:2287
[    9199ms] [LOG] [SceneMode] Distance: 2074916 km (0.013870 AU), Mode: THREE_DOMINANT, Thresholds: enter=14960km, exit=29920km @ http://localhost:3000/_next/static/chunks/node_modules_next_dist_7a8122d0._.js:2287
[    9466ms] [LOG] [CesiumAdapter] camera altitude (m): 2072830093 near: 1000.0 far: 207283009340 cesiumPos(m): 360391503 -1619262848 1253468381 @ http://localhost:3000/_next/static/chunks/node_modules_next_dist_7a8122d0._.js:2287
[    9566ms] [WARNING] SGP4计算警告: [卫星 STARLINK-33851 (63683): 计算异常: Cannot read properties of null (reading 'error')] @ http://localhost:3000/_next/static/chunks/node_modules_next_dist_7a8122d0._.js:2287
[    9790ms] [LOG] [CameraSynchronizer] Three.js → Cesium sync: {threePos: Object, threeDir: Object, threeUp: Object, cesiumPos: Object, cesiumDir: Object} @ http://localhost:3000/_next/static/chunks/node_modules_next_dist_7a8122d0._.js:2287
[   10003ms] [LOG] [CameraSynchronizer] Three.js → Cesium sync: {threePos: Object, threeDir: Object, threeUp: Object, cesiumPos: Object, cesiumDir: Object} @ http://localhost:3000/_next/static/chunks/node_modules_next_dist_7a8122d0._.js:2287
[   10570ms] [WARNING] SGP4计算警告: [卫星 STARLINK-33851 (63683): 计算异常: Cannot read properties of null (reading 'error')] @ http://localhost:3000/_next/static/chunks/node_modules_next_dist_7a8122d0._.js:2287
[   10912ms] [LOG] getCelestialBodies: Loaded 21 bodies for JD 2461162.152039641 @ http://localhost:3000/_next/static/chunks/node_modules_next_dist_7a8122d0._.js:2287
[   11201ms] [LOG] [SceneMode] Distance: 116916 km (0.000782 AU), Mode: THREE_DOMINANT, Thresholds: enter=14960km, exit=29920km @ http://localhost:3000/_next/static/chunks/node_modules_next_dist_7a8122d0._.js:2287
[   11231ms] [LOG] %c[Vercel Speed Insights]%c [vitals] color: rgb(120, 120, 120) color: inherit {speed: 4g, metrics: Array(5), scriptVersion: 0.1.3, sdkName: @vercel/speed-insights/next, sdkVersion: 1.2.0} /_vercel/speed-insights/vitals @ http://localhost:3000/_next/static/chunks/node_modules_next_dist_7a8122d0._.js:2287
[   11231ms] [LOG] %c[Vercel Speed Insights]%c [vitals] color: rgb(120, 120, 120) color: inherit {speed: 4g, metrics: Array(1), scriptVersion: 0.1.3, sdkName: @vercel/speed-insights/next, sdkVersion: 1.2.0} /_vercel/speed-insights/vitals @ http://localhost:3000/_next/static/chunks/node_modules_next_dist_7a8122d0._.js:2287
