[     809ms] [INFO] %cDownload the React DevTools for a better development experience: https://react.dev/link/react-devtools font-weight:bold @ http://localhost:3000/_next/static/chunks/node_modules_next_dist_7a8122d0._.js:2287
[     884ms] [WARNING] %c%s%c  [33m[1m⚠[22m[39m Unsupported metadata viewport is configured in metadata export in /. Please move it to viewport export instead.
Read more: https://nextjs.org/docs/app/api-reference/functions/generate-viewport background: #e6e6e6;background: light-dark(rgba(0,0,0,0.1), rgba(255,255,255,0.25));color: #000000;color: light-dark(#000000, #ffffff);border-radius: 2px  Server   @ http://localhost:3000/_next/static/chunks/node_modules_next_dist_7a8122d0._.js:2287
[    1175ms] [LOG] [HMR] connected @ http://localhost:3000/_next/static/chunks/node_modules_next_dist_7a8122d0._.js:2287
[    1218ms] [LOG] [SatelliteStore] 筛选后可见卫星: 0 / 0 @ http://localhost:3000/_next/static/chunks/node_modules_next_dist_7a8122d0._.js:2287
[    1297ms] [LOG] Initializing scene with 21 celestial bodies @ http://localhost:3000/_next/static/chunks/node_modules_next_dist_7a8122d0._.js:2287
[    1336ms] [LOG] [GaiaStars] 开始加载数据... @ http://localhost:3000/_next/static/chunks/node_modules_next_dist_7a8122d0._.js:2287
[    1355ms] [LOG] SatelliteLayer initialized @ http://localhost:3000/_next/static/chunks/node_modules_next_dist_7a8122d0._.js:2287
[    1425ms] [LOG] [EarthPlanet] setCesiumEnabled called with: false @ http://localhost:3000/_next/static/chunks/node_modules_next_dist_7a8122d0._.js:2287
[    1426ms] [LOG] [EarthPlanet] Disabling Cesium canvas overlay @ http://localhost:3000/_next/static/chunks/node_modules_next_dist_7a8122d0._.js:2287
[    1426ms] [LOG] [EarthPlanet] Cesium disabled, planet mesh restored @ http://localhost:3000/_next/static/chunks/node_modules_next_dist_7a8122d0._.js:2287
[    1462ms] [LOG] [SolarSystemCanvas3D] Setting Cesium enabled: false @ http://localhost:3000/_next/static/chunks/node_modules_next_dist_7a8122d0._.js:2287
[    1462ms] [LOG] [EarthPlanet] setCesiumEnabled called with: false @ http://localhost:3000/_next/static/chunks/node_modules_next_dist_7a8122d0._.js:2287
[    1463ms] [LOG] [EarthPlanet] Disabling Cesium canvas overlay @ http://localhost:3000/_next/static/chunks/node_modules_next_dist_7a8122d0._.js:2287
[    1463ms] [LOG] [EarthPlanet] Cesium disabled, planet mesh restored @ http://localhost:3000/_next/static/chunks/node_modules_next_dist_7a8122d0._.js:2287
[    1463ms] [LOG] [SolarSystemCanvas3D] OrbitControls always enabled @ http://localhost:3000/_next/static/chunks/node_modules_next_dist_7a8122d0._.js:2287
[    1464ms] [LOG] [MODs] 核心MOD注册完成 @ http://localhost:3000/_next/static/chunks/node_modules_next_dist_7a8122d0._.js:2287
[    1465ms] [INFO] [satellite-tracking] [Satellite Tracking] MOD加载中... @ http://localhost:3000/_next/static/chunks/node_modules_next_dist_7a8122d0._.js:2287
[    1513ms] [WARNING] Image with src "http://localhost:3000/LOGO/logolw.svg" has either width or height modified, but not the other. If you use CSS to change the size of your image, also include the styles 'width: "auto"' or 'height: "auto"' to maintain the aspect ratio. @ http://localhost:3000/_next/static/chunks/node_modules_next_dist_7a8122d0._.js:2287
[    1783ms] [ERROR] Failed to load resource: the server responded with a status of 404 (Not Found) @ http://localhost:3000/data/satellites.json:0
[    1784ms] [WARNING] [SatelliteAPI] 卫星数据文件不存在，跳过加载 @ http://localhost:3000/_next/static/chunks/node_modules_next_dist_7a8122d0._.js:2287
[    1784ms] [INFO] [satellite-tracking] [Satellite Tracking] 卫星数据加载完成 @ http://localhost:3000/_next/static/chunks/node_modules_next_dist_7a8122d0._.js:2287
[    1784ms] [INFO] [satellite-tracking] [Satellite Tracking] MOD启用 @ http://localhost:3000/_next/static/chunks/node_modules_next_dist_7a8122d0._.js:2287
[    1786ms] [INFO] [cesium-integration] [Cesium Integration] MOD加载中... @ http://localhost:3000/_next/static/chunks/node_modules_next_dist_7a8122d0._.js:2287
[    1793ms] [INFO] [cesium-integration] [Cesium Integration] MOD启用 @ http://localhost:3000/_next/static/chunks/node_modules_next_dist_7a8122d0._.js:2287
[    1802ms] [LOG] [SolarSystemCanvas3D] Setting Cesium enabled: true @ http://localhost:3000/_next/static/chunks/node_modules_next_dist_7a8122d0._.js:2287
[    1803ms] [LOG] [EarthPlanet] setCesiumEnabled called with: true @ http://localhost:3000/_next/static/chunks/node_modules_next_dist_7a8122d0._.js:2287
[    1805ms] [LOG] [EarthPlanet] Initial camera synced Three.js → Cesium @ http://localhost:3000/_next/static/chunks/node_modules_next_dist_7a8122d0._.js:2287
[    1820ms] [LOG] [EarthPlanet] Cesium enabled, mesh switched to depth-only @ http://localhost:3000/_next/static/chunks/node_modules_next_dist_7a8122d0._.js:2287
[    1821ms] [LOG] [SolarSystemCanvas3D] OrbitControls always enabled @ http://localhost:3000/_next/static/chunks/node_modules_next_dist_7a8122d0._.js:2287
[    2590ms] [LOG] Auto-focused on Earth @ http://localhost:3000/_next/static/chunks/node_modules_next_dist_7a8122d0._.js:2287
[    2591ms] [LOG] [SatelliteStore] 筛选后可见卫星: 0 / 0 @ http://localhost:3000/_next/static/chunks/node_modules_next_dist_7a8122d0._.js:2287
[    2682ms] [LOG] LocalGroupRenderer initialized with 101 galaxies @ http://localhost:3000/_next/static/chunks/node_modules_next_dist_7a8122d0._.js:2287
[    2726ms] [LOG] [SatelliteStore] 筛选后可见卫星: 15214 / 15214 @ http://localhost:3000/_next/static/chunks/node_modules_next_dist_7a8122d0._.js:2287
[    2826ms] [LOG] [GaiaStars] 加载了 477076 颗恒星 @ http://localhost:3000/_next/static/chunks/node_modules_next_dist_7a8122d0._.js:2287
[    2829ms] [LOG] [GaiaStars] 亮星数量: 548 @ http://localhost:3000/_next/static/chunks/node_modules_next_dist_7a8122d0._.js:2287
[    2901ms] [LOG] [GaiaStars] 星等范围: 1.94 到 10.00 @ http://localhost:3000/_next/static/chunks/node_modules_next_dist_7a8122d0._.js:2287
[    2901ms] [LOG] [GaiaStars] 数据加载完成 @ http://localhost:3000/_next/static/chunks/node_modules_next_dist_7a8122d0._.js:2287
[    2906ms] [LOG] NearbyGroupsRenderer initialized with 52 groups and 695 galaxies @ http://localhost:3000/_next/static/chunks/node_modules_next_dist_7a8122d0._.js:2287
[    2989ms] [LOG] VirgoSuperclusterRenderer initialized with 113 clusters and 2321 galaxies @ http://localhost:3000/_next/static/chunks/node_modules_next_dist_7a8122d0._.js:2287
[    3783ms] [LOG] LaniakeaSuperclusterRenderer initialized with 13 superclusters and 13800 galaxies @ http://localhost:3000/_next/static/chunks/node_modules_next_dist_7a8122d0._.js:2287
[    3783ms] [LOG] Universe renderers initialization complete @ http://localhost:3000/_next/static/chunks/node_modules_next_dist_7a8122d0._.js:2287
[    3819ms] [LOG] %c[Vercel Web Analytics]%c Debug mode is enabled by default in development. No requests will be sent to the server. color: rgb(120, 120, 120) color: inherit @ http://localhost:3000/_next/static/chunks/node_modules_next_dist_7a8122d0._.js:2287
[    3820ms] [LOG] %c[Vercel Web Analytics]%c Running queued event color: rgb(120, 120, 120) color: inherit pageview {route: /, path: /} @ http://localhost:3000/_next/static/chunks/node_modules_next_dist_7a8122d0._.js:2287
[    3821ms] [LOG] %c[Vercel Web Analytics]%c [view] http://localhost:3000/ color: rgb(120, 120, 120) color: inherit {o: http://localhost:3000/, sv: 0.1.3, sdkn: @vercel/analytics/next, sdkv: 1.5.0, ts: 1777086860487} /_vercel/insights/view @ http://localhost:3000/_next/static/chunks/node_modules_next_dist_7a8122d0._.js:2287
[    3823ms] [LOG] %c[Vercel Speed Insights]%c Debug mode is enabled by default in development. No requests will be sent to the server. color: rgb(120, 120, 120) color: inherit @ http://localhost:3000/_next/static/chunks/node_modules_next_dist_7a8122d0._.js:2287
[    7621ms] [WARNING] The resource http://localhost:3000/_next/static/chunks/%5Broot-of-the-server%5D__0f0ba101._.css was preloaded using link preload but not used within a few seconds from the window's load event. Please make sure it has an appropriate `as` value and it is preloaded intentionally. @ http://localhost:3000/:0
